IQ-TREE multicore version 2.4.0 for MacOS ARM 64-bit built Mar  8 2025
Developed by Bui Quang Minh, Nguyen Lam Tung, Olga Chernomor, Heiko Schmidt,
Dominik Schrempf, Michael Woodhams, Ly Trong Nhan, Thomas Wong

Host:    Mac.telekom.ip (SSE4.2, 16 GB RAM)
Command: iqtree2 --quiet -T AUTO -ntmax 4 -s 101.fasta -m GTR+F+I+G4
Seed:    980489 (Using SPRNG - Scalable Parallel Random Number Generator)
Time:    Sun Jun 22 19:00:39 2025
Kernel:  SSE2 - auto-detect threads (12 CPU cores detected)

Reading alignment file 101.fasta ... Fasta format detected
Reading fasta file: done in 0.000252008 secs using 89.68% CPU
Alignment most likely contains DNA/RNA sequences
Alignment has 84 sequences with 225 columns, 110 distinct patterns
93 parsimony-informative, 4 singleton sites, 128 constant sites
            Gap/Ambiguity  Composition  p-value
Analyzing sequences: done in 5.50747e-05 secs using 54.47% CPU
   1  KR074148.1    0.00%    passed     66.92%
   2  KR074149.1    0.00%    passed     92.19%
   3  KR074150.1    0.00%    passed     65.85%
   4  KR074151.1    0.00%    passed     88.48%
   5  KR074152.1    0.00%    passed     90.88%
   6  KR074153.1    0.00%    passed     82.44%
   7  KR074154.1    0.00%    passed     38.94%
   8  KR074155.1    0.00%    passed     97.55%
   9  KR074156.1    0.00%    passed     62.29%
  10  KR074157.1    0.00%    passed     62.29%
  11  KR074158.1    0.00%    passed     88.32%
  12  KR074159.1    0.00%    passed     74.51%
  13  KR074160.1    0.00%    passed     56.54%
  14  KR074161.1    0.00%    passed     80.75%
  15  KR074162.1    0.00%    passed     80.75%
  16  KR074163.1    0.00%    passed     95.04%
  17  KR074164.1    0.00%    passed     95.33%
  18  KR074165.1    0.00%    passed     85.41%
  19  KR074166.1    0.00%    passed     77.85%
  20  KR074167.1    0.00%    passed     77.85%
  21  KR074168.1    0.00%    passed     73.17%
  22  KR074169.1    0.00%    passed     77.85%
  23  KR074170.1    0.00%    passed     95.56%
  24  KR074171.1    0.00%    passed     97.55%
  25  KR074172.1    0.00%    passed     56.80%
  26  KR074173.1    0.00%    passed     56.54%
  27  KR074174.1    0.00%    passed     34.25%
  28  KR074175.1    0.00%    passed     84.43%
  29  KR074176.1    0.00%    passed     79.81%
  30  KR074177.1    0.00%    passed     56.54%
  31  KR074178.1    0.00%    passed     56.54%
  32  KR074179.1    0.00%    passed     95.04%
  33  KR074180.1    0.00%    passed     76.08%
  34  KR074181.1    0.00%    passed     96.71%
  35  KR074182.1    0.00%    passed     62.22%
  36  KR074183.1    0.00%    passed     34.25%
  37  KR074184.1    0.00%    passed     56.54%
  38  KR074185.1    0.00%    passed     80.75%
  39  KR074186.1   34.22%    passed     70.84%
  40  KR074187.1   34.22%    passed     70.84%
  41  KR074188.1    0.00%    passed     47.80%
  42  KR074189.1    0.00%    passed     48.95%
  43  KR074190.1    0.00%    passed     80.75%
  44  KR074191.1    9.78%    passed     97.62%
  45  KY451971.1    8.89%    passed     98.85%
  46  KY451972.1    8.89%    passed     98.70%
  47  KY451973.1    8.89%    passed     98.85%
  48  KY451974.1    8.89%    passed     98.85%
  49  KY451975.1    8.89%    passed     98.85%
  50  KY451976.1    8.89%    passed     98.85%
  51  KY451977.1    8.89%    passed     98.85%
  52  KY451978.1    8.89%    passed     98.85%
  53  KY451979.1    8.89%    passed     98.85%
  54  KY451980.1    8.89%    passed     98.85%
  55  KY451981.1    8.89%    passed     98.85%
  56  KY451982.1    8.89%    passed     98.85%
  57  KY451983.1    8.89%    passed     98.85%
  58  KY451984.1    8.89%    passed     98.85%
  59  KY451985.1    8.89%    passed     98.85%
  60  KY451986.1    8.89%    passed     98.70%
  61  KY451987.1    8.89%    passed     99.02%
  62  MF158177.1    9.33%    passed     90.41%
  63  MF158178.1    9.33%    passed     95.14%
  64  MF158179.1    9.33%    passed     95.14%
  65  MF158180.1    9.33%    passed     95.14%
  66  MF158181.1    9.33%    passed     95.43%
  67  MF158182.1    9.33%    passed     95.43%
  68  MF158183.1    9.33%    passed     95.43%
  69  MF158184.1    9.33%    passed     95.43%
  70  MF158185.1    9.33%    passed     95.43%
  71  MF158186.1    9.33%    passed     95.43%
  72  MF158187.1    9.33%    passed     88.28%
  73  MF158188.1    9.33%    passed     84.90%
  74  MF158189.1    9.33%    passed     84.90%
  75  MF158190.1    9.33%    passed     84.90%
  76  MF158191.1    9.33%    passed     98.60%
  77  MF158192.1    9.33%    passed     98.60%
  78  MF158193.1    9.33%    passed     98.60%
  79  MF158194.1    9.33%    passed     98.60%
  80  MF158195.1    9.33%    passed     98.60%
  81  MF158196.1    9.33%    passed     98.60%
  82  MF158197.1    9.33%    passed     98.60%
  83  MF158198.1    9.33%    passed     99.61%
  84  MF158199.1   10.22%    passed     65.52%
****  TOTAL         5.30%  0 sequences failed composition chi2 test (p-value<5%; df=3)
NOTE: KR074171.1 is identical to KR074155.1 but kept for subsequent analysis
NOTE: KR074157.1 is identical to KR074156.1 but kept for subsequent analysis
NOTE: KR074173.1 is identical to KR074160.1 but kept for subsequent analysis
NOTE: KR074162.1 is identical to KR074161.1 but kept for subsequent analysis
NOTE: KR074179.1 is identical to KR074163.1 but kept for subsequent analysis
NOTE: KR074167.1 is identical to KR074166.1 but kept for subsequent analysis
NOTE: KR074183.1 is identical to KR074174.1 but kept for subsequent analysis
NOTE: KR074187.1 is identical to KR074186.1 but kept for subsequent analysis
NOTE: KY451973.1 is identical to KY451971.1 but kept for subsequent analysis
NOTE: MF158179.1 is identical to MF158178.1 but kept for subsequent analysis
NOTE: MF158182.1 is identical to MF158181.1 but kept for subsequent analysis
NOTE: MF158189.1 is identical to MF158188.1 but kept for subsequent analysis
NOTE: MF158192.1 is identical to MF158191.1 but kept for subsequent analysis
NOTE: 27 identical sequences (see below) will be ignored for subsequent analysis
NOTE: KR074177.1 (identical to KR074160.1) is ignored but added at the end
NOTE: KR074178.1 (identical to KR074160.1) is ignored but added at the end
NOTE: KR074185.1 (identical to KR074161.1) is ignored but added at the end
NOTE: KR074190.1 (identical to KR074161.1) is ignored but added at the end
NOTE: KR074169.1 (identical to KR074166.1) is ignored but added at the end
NOTE: KY451974.1 (identical to KY451971.1) is ignored but added at the end
NOTE: KY451975.1 (identical to KY451971.1) is ignored but added at the end
NOTE: KY451976.1 (identical to KY451971.1) is ignored but added at the end
NOTE: KY451977.1 (identical to KY451971.1) is ignored but added at the end
NOTE: KY451978.1 (identical to KY451971.1) is ignored but added at the end
NOTE: KY451979.1 (identical to KY451971.1) is ignored but added at the end
NOTE: KY451980.1 (identical to KY451971.1) is ignored but added at the end
NOTE: KY451981.1 (identical to KY451971.1) is ignored but added at the end
NOTE: KY451982.1 (identical to KY451971.1) is ignored but added at the end
NOTE: KY451983.1 (identical to KY451971.1) is ignored but added at the end
NOTE: KY451984.1 (identical to KY451971.1) is ignored but added at the end
NOTE: MF158180.1 (identical to MF158178.1) is ignored but added at the end
NOTE: MF158183.1 (identical to MF158181.1) is ignored but added at the end
NOTE: MF158184.1 (identical to MF158181.1) is ignored but added at the end
NOTE: MF158185.1 (identical to MF158181.1) is ignored but added at the end
NOTE: MF158186.1 (identical to MF158181.1) is ignored but added at the end
NOTE: MF158190.1 (identical to MF158188.1) is ignored but added at the end
NOTE: MF158193.1 (identical to MF158191.1) is ignored but added at the end
NOTE: MF158194.1 (identical to MF158191.1) is ignored but added at the end
NOTE: MF158195.1 (identical to MF158191.1) is ignored but added at the end
NOTE: MF158196.1 (identical to MF158191.1) is ignored but added at the end
NOTE: MF158197.1 (identical to MF158191.1) is ignored but added at the end
Alignment was printed to 101.fasta.uniqueseq.phy

For your convenience alignment with unique sequences printed to 101.fasta.uniqueseq.phy

Create initial parsimony tree by phylogenetic likelihood library (PLL)... 0.001 seconds

NOTE: 0 MB RAM (0 GB) is required!
Measuring multi-threading efficiency up to 4 CPU cores
Increase to 10 rounds for branch lengths
417 trees examined
Threads: 1 / Time: 4.005 sec / Speedup: 1.000 / Efficiency: 100% / LogL: -4618
Threads: 2 / Time: 14.090 sec / Speedup: 0.284 / Efficiency: 14% / LogL: -4618
BEST NUMBER OF THREADS: 1

Estimate model parameters (epsilon = 0.100)
Thoroughly optimizing +I+G parameters from 10 start values...
Init pinv, alpha: 0.000, 1.000 / Estimate: 0.000, 0.209 / LogL: -1730.805
Init pinv, alpha: 0.063, 1.000 / Estimate: 0.065, 0.236 / LogL: -1730.693
Init pinv, alpha: 0.126, 1.000 / Estimate: 0.132, 0.268 / LogL: -1730.643
Init pinv, alpha: 0.190, 1.000 / Estimate: 0.200, 0.309 / LogL: -1730.610
Init pinv, alpha: 0.253, 1.000 / Estimate: 0.270, 0.370 / LogL: -1730.537
Init pinv, alpha: 0.316, 1.000 / Estimate: 0.341, 0.462 / LogL: -1730.343
Init pinv, alpha: 0.379, 1.000 / Estimate: 0.405, 0.599 / LogL: -1729.978
Init pinv, alpha: 0.442, 1.000 / Estimate: 0.462, 0.803 / LogL: -1729.482
Init pinv, alpha: 0.506, 1.000 / Estimate: 0.500, 1.044 / LogL: -1729.213
Init pinv, alpha: 0.569, 1.000 / Estimate: 0.517, 1.205 / LogL: -1729.202
Optimal pinv,alpha: 0.517, 1.205 / LogL: -1729.202

Parameters optimization took 0.423 sec
Wrote distance file to... 
Computing ML distances based on estimated model parameters...
Calculating distance matrix: done in 0.00650787 secs using 99.43% CPU
Computing ML distances took 0.006547 sec (of wall-clock time) 0.006497 sec (of CPU time)
Setting up auxiliary I and S matrices: done in 7.29561e-05 secs using 119.2% CPU
Computing RapidNJ tree took 0.000213 sec (of wall-clock time) 0.000306 sec (of CPU time)
Log-likelihood of RapidNJ tree: -1762.420
--------------------------------------------------------------------
|             INITIALIZING CANDIDATE TREE SET                      |
--------------------------------------------------------------------
Generating 98 parsimony trees... 0.172 second
Computing log-likelihood of 98 initial trees ... 0.117 seconds
Current best score: -1726.565

Do NNI search on 20 best initial trees
Estimate model parameters (epsilon = 0.100)
BETTER TREE FOUND at iteration 1: -1721.680
BETTER TREE FOUND at iteration 2: -1721.679
BETTER TREE FOUND at iteration 10: -1721.676
Iteration 10 / LogL: -1721.676 / Time: 0h:0m:19s
Estimate model parameters (epsilon = 0.100)
BETTER TREE FOUND at iteration 16: -1721.360
BETTER TREE FOUND at iteration 17: -1721.359
BETTER TREE FOUND at iteration 18: -1721.359
Iteration 20 / LogL: -1721.359 / Time: 0h:0m:19s
Finish initializing candidate tree set (20)
Current best tree score: -1721.359 / CPU time: 0.872
Number of iterations: 20
--------------------------------------------------------------------
|               OPTIMIZING CANDIDATE TREE SET                      |
--------------------------------------------------------------------
Iteration 30 / LogL: -1727.368 / Time: 0h:0m:19s (0h:1m:0s left)
Iteration 40 / LogL: -1721.409 / Time: 0h:0m:20s (0h:0m:40s left)
Iteration 50 / LogL: -1721.417 / Time: 0h:0m:20s (0h:0m:28s left)
Iteration 60 / LogL: -1721.410 / Time: 0h:0m:21s (0h:0m:20s left)
Iteration 70 / LogL: -1721.411 / Time: 0h:0m:21s (0h:0m:15s left)
Iteration 80 / LogL: -1723.262 / Time: 0h:0m:22s (0h:0m:10s left)
Iteration 90 / LogL: -1723.254 / Time: 0h:0m:22s (0h:0m:7s left)
Iteration 100 / LogL: -1721.409 / Time: 0h:0m:22s (0h:0m:4s left)
Iteration 110 / LogL: -1741.878 / Time: 0h:0m:23s (0h:0m:1s left)
TREE SEARCH COMPLETED AFTER 119 ITERATIONS / Time: 0h:0m:23s

--------------------------------------------------------------------
|                    FINALIZING TREE SEARCH                        |
--------------------------------------------------------------------
Performs final model parameters optimization
Estimate model parameters (epsilon = 0.010)
1. Initial log-likelihood: -1721.359
2. Current log-likelihood: -1721.340
3. Current log-likelihood: -1721.327
Optimal log-likelihood: -1721.315
Rate parameters:  A-C: 0.90091  A-G: 7.05251  A-T: 1.13640  C-G: 0.52372  C-T: 10.65017  G-T: 1.00000
Base frequencies:  A: 0.272  C: 0.230  G: 0.256  T: 0.242
Proportion of invariable sites: 0.489
Gamma shape alpha: 0.945
Parameters optimization took 3 rounds (0.015 sec)
BEST SCORE FOUND : -1721.315
Total tree length: 2.932

Total number of iterations: 119
CPU time used for tree search: 5.073 sec (0h:0m:5s)
Wall-clock time used for tree search: 5.168 sec (0h:0m:5s)
Total CPU time used: 17.785 sec (0h:0m:17s)
Total wall-clock time used: 23.727 sec (0h:0m:23s)

Analysis results written to: 
  IQ-TREE report:                101.fasta.iqtree
  Maximum-likelihood tree:       101.fasta.treefile
  Likelihood distances:          101.fasta.mldist
  Screen log file:               101.fasta.log

Date and Time: Sun Jun 22 19:01:03 2025
