IQ-TREE multicore version 2.4.0 for MacOS ARM 64-bit built Mar  8 2025
Developed by Bui Quang Minh, Nguyen Lam Tung, Olga Chernomor, Heiko Schmidt,
Dominik Schrempf, Michael Woodhams, Ly Trong Nhan, Thomas Wong

Host:    Mac.telekom.ip (SSE4.2, 16 GB RAM)
Command: iqtree2 --quiet -T AUTO -ntmax 4 -s 376.fasta -m GTR+F+I+G4
Seed:    418338 (Using SPRNG - Scalable Parallel Random Number Generator)
Time:    Sun Jun 22 19:02:18 2025
Kernel:  SSE2 - auto-detect threads (12 CPU cores detected)

Reading alignment file 376.fasta ... Fasta format detected
Reading fasta file: done in 0.000279188 secs using 89.9% CPU
Alignment most likely contains DNA/RNA sequences
Alignment has 84 sequences with 250 columns, 146 distinct patterns
139 parsimony-informative, 5 singleton sites, 106 constant sites
            Gap/Ambiguity  Composition  p-value
Analyzing sequences: done in 5.38826e-05 secs using 74.24% CPU
   1  KR074148.1    0.00%    passed     93.22%
   2  KR074149.1    0.00%    passed     42.53%
   3  KR074150.1    0.00%    passed     95.82%
   4  KR074151.1    0.00%    passed     61.98%
   5  KR074152.1    0.00%    passed     78.40%
   6  KR074153.1    0.00%    passed     56.71%
   7  KR074154.1    0.00%    passed     56.04%
   8  KR074155.1    0.00%    passed     72.38%
   9  KR074156.1    0.00%    passed     90.30%
  10  KR074157.1    0.00%    passed     90.30%
  11  KR074158.1    0.00%    passed     93.30%
  12  KR074159.1    0.00%    passed     79.97%
  13  KR074160.1    0.00%    passed     91.85%
  14  KR074161.1    0.00%    passed     95.69%
  15  KR074162.1    0.00%    passed     95.69%
  16  KR074163.1    0.00%    passed     67.92%
  17  KR074164.1    0.00%    passed     56.36%
  18  KR074165.1    0.00%    passed     91.69%
  19  KR074166.1    0.00%    passed     87.35%
  20  KR074167.1    0.00%    passed     91.69%
  21  KR074168.1    0.00%    passed     85.65%
  22  KR074169.1    0.00%    passed     86.62%
  23  KR074170.1    0.00%    passed     68.86%
  24  KR074171.1    0.00%    passed     84.50%
  25  KR074172.1    0.00%    passed     88.35%
  26  KR074173.1    0.00%    passed     81.83%
  27  KR074174.1    0.00%    passed     30.94%
  28  KR074175.1    0.00%    passed     99.43%
  29  KR074176.1    0.00%    passed     98.75%
  30  KR074177.1    0.00%    passed     91.85%
  31  KR074178.1    0.00%    passed     96.89%
  32  KR074179.1    0.00%    passed     72.44%
  33  KR074180.1    0.00%    passed     96.76%
  34  KR074181.1    0.00%    passed     67.92%
  35  KR074182.1    0.00%    passed     98.75%
  36  KR074183.1    0.00%    passed     30.94%
  37  KR074184.1    8.40%    passed     96.16%
  38  KR074185.1    8.40%    passed     97.07%
  39  KR074186.1    0.00%    passed     94.34%
  40  KR074187.1    0.00%    passed     91.69%
  41  KR074188.1    0.00%    passed     65.88%
  42  KR074189.1    0.00%    passed     63.42%
  43  KR074190.1    0.00%    passed     94.43%
  44  KR074191.1    0.00%    passed     98.51%
  45  KY451971.1    0.00%    passed     97.22%
  46  KY451972.1    0.00%    passed     97.22%
  47  KY451973.1    0.00%    passed     97.22%
  48  KY451974.1    0.00%    passed     97.22%
  49  KY451975.1    0.00%    passed     97.22%
  50  KY451976.1    0.00%    passed     97.22%
  51  KY451977.1    0.00%    passed     97.22%
  52  KY451978.1    0.00%    passed     97.79%
  53  KY451979.1    0.00%    passed     97.22%
  54  KY451980.1    0.00%    passed     97.22%
  55  KY451981.1    0.00%    passed     97.22%
  56  KY451982.1    0.00%    passed     97.22%
  57  KY451983.1    0.00%    passed     99.12%
  58  KY451984.1    0.00%    passed     97.22%
  59  KY451985.1    0.00%    passed     97.22%
  60  KY451986.1    0.00%    passed     97.22%
  61  KY451987.1    0.00%    passed     99.12%
  62  MF158177.1    0.00%    passed     80.38%
  63  MF158178.1    0.00%    passed     75.74%
  64  MF158179.1    0.00%    passed     75.86%
  65  MF158180.1    0.00%    passed     90.78%
  66  MF158181.1    0.00%    passed     82.08%
  67  MF158182.1    0.00%    passed     87.35%
  68  MF158183.1    0.00%    passed     90.96%
  69  MF158184.1    0.00%    passed     90.96%
  70  MF158185.1    0.00%    passed     93.10%
  71  MF158186.1    0.00%    passed     90.38%
  72  MF158187.1    0.00%    passed     99.76%
  73  MF158188.1    0.00%    passed     79.26%
  74  MF158189.1    0.00%    passed     80.08%
  75  MF158190.1    0.00%    passed     80.08%
  76  MF158191.1    0.00%    passed     97.22%
  77  MF158192.1    0.00%    passed     97.22%
  78  MF158193.1    0.00%    passed     97.22%
  79  MF158194.1    0.00%    passed     97.22%
  80  MF158195.1    0.00%    passed     97.22%
  81  MF158196.1    0.00%    passed     97.22%
  82  MF158197.1    0.00%    passed     97.22%
  83  MF158198.1    0.40%    passed     97.37%
  84  MF158199.1    0.00%    passed     88.57%
****  TOTAL         0.20%  0 sequences failed composition chi2 test (p-value<5%; df=3)
NOTE: KR074157.1 is identical to KR074156.1 but kept for subsequent analysis
NOTE: KR074177.1 is identical to KR074160.1 but kept for subsequent analysis
NOTE: KR074162.1 is identical to KR074161.1 but kept for subsequent analysis
NOTE: KR074167.1 is identical to KR074165.1 but kept for subsequent analysis
NOTE: KR074183.1 is identical to KR074174.1 but kept for subsequent analysis
NOTE: KY451972.1 is identical to KY451971.1 but kept for subsequent analysis
NOTE: MF158184.1 is identical to MF158183.1 but kept for subsequent analysis
NOTE: MF158190.1 is identical to MF158189.1 but kept for subsequent analysis
NOTE: 19 identical sequences (see below) will be ignored for subsequent analysis
NOTE: KY451973.1 (identical to KY451971.1) is ignored but added at the end
NOTE: KY451974.1 (identical to KY451971.1) is ignored but added at the end
NOTE: KY451975.1 (identical to KY451971.1) is ignored but added at the end
NOTE: KY451976.1 (identical to KY451971.1) is ignored but added at the end
NOTE: KY451977.1 (identical to KY451971.1) is ignored but added at the end
NOTE: KY451979.1 (identical to KY451971.1) is ignored but added at the end
NOTE: KY451980.1 (identical to KY451971.1) is ignored but added at the end
NOTE: KY451981.1 (identical to KY451971.1) is ignored but added at the end
NOTE: KY451982.1 (identical to KY451971.1) is ignored but added at the end
NOTE: KY451984.1 (identical to KY451971.1) is ignored but added at the end
NOTE: KY451985.1 (identical to KY451971.1) is ignored but added at the end
NOTE: KY451986.1 (identical to KY451971.1) is ignored but added at the end
NOTE: MF158191.1 (identical to KY451971.1) is ignored but added at the end
NOTE: MF158192.1 (identical to KY451971.1) is ignored but added at the end
NOTE: MF158193.1 (identical to KY451971.1) is ignored but added at the end
NOTE: MF158194.1 (identical to KY451971.1) is ignored but added at the end
NOTE: MF158195.1 (identical to KY451971.1) is ignored but added at the end
NOTE: MF158196.1 (identical to KY451971.1) is ignored but added at the end
NOTE: MF158197.1 (identical to KY451971.1) is ignored but added at the end
Alignment was printed to 376.fasta.uniqueseq.phy

For your convenience alignment with unique sequences printed to 376.fasta.uniqueseq.phy

Create initial parsimony tree by phylogenetic likelihood library (PLL)... 0.002 seconds

NOTE: 1 MB RAM (0 GB) is required!
Measuring multi-threading efficiency up to 4 CPU cores
Increase to 10 rounds for branch lengths
250 trees examined
Threads: 1 / Time: 4.012 sec / Speedup: 1.000 / Efficiency: 100% / LogL: -7053
Threads: 2 / Time: 9.253 sec / Speedup: 0.434 / Efficiency: 22% / LogL: -7053
BEST NUMBER OF THREADS: 1

Estimate model parameters (epsilon = 0.100)
Thoroughly optimizing +I+G parameters from 10 start values...
Init pinv, alpha: 0.000, 1.000 / Estimate: 0.000, 0.352 / LogL: -2743.028
Init pinv, alpha: 0.047, 1.000 / Estimate: 0.057, 0.391 / LogL: -2742.238
Init pinv, alpha: 0.094, 1.000 / Estimate: 0.112, 0.439 / LogL: -2741.580
Init pinv, alpha: 0.141, 1.000 / Estimate: 0.164, 0.500 / LogL: -2740.984
Init pinv, alpha: 0.188, 1.000 / Estimate: 0.210, 0.569 / LogL: -2740.536
Init pinv, alpha: 0.236, 1.000 / Estimate: 0.246, 0.638 / LogL: -2740.277
Init pinv, alpha: 0.283, 1.000 / Estimate: 0.279, 0.716 / LogL: -2740.162
Init pinv, alpha: 0.330, 1.000 / Estimate: 0.303, 0.786 / LogL: -2740.203
Init pinv, alpha: 0.377, 1.000 / Estimate: 0.312, 0.816 / LogL: -2740.259
Init pinv, alpha: 0.424, 1.000 / Estimate: 0.314, 0.820 / LogL: -2740.268
Optimal pinv,alpha: 0.279, 0.716 / LogL: -2740.162

Parameters optimization took 0.515 sec
Wrote distance file to... 
Computing ML distances based on estimated model parameters...
Calculating distance matrix: done in 0.0070529 secs using 98.63% CPU
Computing ML distances took 0.007103 sec (of wall-clock time) 0.006984 sec (of CPU time)
Setting up auxiliary I and S matrices: done in 7.60555e-05 secs using 127.5% CPU
Computing RapidNJ tree took 0.000241 sec (of wall-clock time) 0.000376 sec (of CPU time)
Log-likelihood of RapidNJ tree: -2770.968
--------------------------------------------------------------------
|             INITIALIZING CANDIDATE TREE SET                      |
--------------------------------------------------------------------
Generating 98 parsimony trees... 0.206 second
Computing log-likelihood of 98 initial trees ... 0.169 seconds
Current best score: -2740.162

Do NNI search on 20 best initial trees
Estimate model parameters (epsilon = 0.100)
BETTER TREE FOUND at iteration 1: -2733.870
Estimate model parameters (epsilon = 0.100)
BETTER TREE FOUND at iteration 3: -2733.054
Estimate model parameters (epsilon = 0.100)
UPDATE BEST LOG-LIKELIHOOD: -2733.010
Iteration 10 / LogL: -2733.068 / Time: 0h:0m:14s
Estimate model parameters (epsilon = 0.100)
BETTER TREE FOUND at iteration 17: -2732.957
Iteration 20 / LogL: -2736.368 / Time: 0h:0m:15s
Finish initializing candidate tree set (18)
Current best tree score: -2732.957 / CPU time: 1.273
Number of iterations: 20
--------------------------------------------------------------------
|               OPTIMIZING CANDIDATE TREE SET                      |
--------------------------------------------------------------------
Estimate model parameters (epsilon = 0.100)
BETTER TREE FOUND at iteration 25: -2731.672
Estimate model parameters (epsilon = 0.100)
BETTER TREE FOUND at iteration 26: -2731.658
Iteration 30 / LogL: -2735.455 / Time: 0h:0m:15s (0h:0m:51s left)
BETTER TREE FOUND at iteration 35: -2731.658
BETTER TREE FOUND at iteration 37: -2731.657
Estimate model parameters (epsilon = 0.100)
BETTER TREE FOUND at iteration 38: -2731.591
Iteration 40 / LogL: -2732.929 / Time: 0h:0m:16s (0h:0m:40s left)
BETTER TREE FOUND at iteration 42: -2731.590
Iteration 50 / LogL: -2757.137 / Time: 0h:0m:16s (0h:0m:31s left)
Estimate model parameters (epsilon = 0.100)
BETTER TREE FOUND at iteration 59: -2731.493
Iteration 60 / LogL: -2732.029 / Time: 0h:0m:17s (0h:0m:29s left)
Estimate model parameters (epsilon = 0.100)
BETTER TREE FOUND at iteration 67: -2731.291
Iteration 70 / LogL: -2736.630 / Time: 0h:0m:17s (0h:0m:25s left)
BETTER TREE FOUND at iteration 72: -2731.291
BETTER TREE FOUND at iteration 78: -2731.291
Iteration 80 / LogL: -2731.292 / Time: 0h:0m:18s (0h:0m:22s left)
Iteration 90 / LogL: -2737.000 / Time: 0h:0m:18s (0h:0m:18s left)
Estimate model parameters (epsilon = 0.100)
BETTER TREE FOUND at iteration 91: -2731.191
Iteration 100 / LogL: -2731.290 / Time: 0h:0m:19s (0h:0m:17s left)
UPDATE BEST LOG-LIKELIHOOD: -2731.190
Iteration 110 / LogL: -2740.501 / Time: 0h:0m:20s (0h:0m:14s left)
Iteration 120 / LogL: -2731.191 / Time: 0h:0m:20s (0h:0m:12s left)
Iteration 130 / LogL: -2731.191 / Time: 0h:0m:21s (0h:0m:9s left)
UPDATE BEST LOG-LIKELIHOOD: -2731.190
Iteration 140 / LogL: -2731.607 / Time: 0h:0m:21s (0h:0m:7s left)
Iteration 150 / LogL: -2731.831 / Time: 0h:0m:22s (0h:0m:6s left)
Iteration 160 / LogL: -2731.377 / Time: 0h:0m:22s (0h:0m:4s left)
Iteration 170 / LogL: -2731.291 / Time: 0h:0m:23s (0h:0m:2s left)
Iteration 180 / LogL: -2781.730 / Time: 0h:0m:23s (0h:0m:1s left)
BETTER TREE FOUND at iteration 190: -2731.190
Iteration 190 / LogL: -2731.190 / Time: 0h:0m:24s (0h:0m:12s left)
Iteration 200 / LogL: -2782.289 / Time: 0h:0m:24s (0h:0m:11s left)
UPDATE BEST LOG-LIKELIHOOD: -2731.190
Iteration 210 / LogL: -2731.378 / Time: 0h:0m:25s (0h:0m:9s left)
Iteration 220 / LogL: -2745.199 / Time: 0h:0m:25s (0h:0m:8s left)
BETTER TREE FOUND at iteration 230: -2731.190
Iteration 230 / LogL: -2731.190 / Time: 0h:0m:26s (0h:0m:11s left)
Iteration 240 / LogL: -2731.191 / Time: 0h:0m:26s (0h:0m:10s left)
Iteration 250 / LogL: -2735.377 / Time: 0h:0m:27s (0h:0m:8s left)
Iteration 260 / LogL: -2731.378 / Time: 0h:0m:27s (0h:0m:7s left)
Iteration 270 / LogL: -2734.944 / Time: 0h:0m:28s (0h:0m:6s left)
Iteration 280 / LogL: -2735.010 / Time: 0h:0m:28s (0h:0m:5s left)
Iteration 290 / LogL: -2731.609 / Time: 0h:0m:29s (0h:0m:4s left)
Iteration 300 / LogL: -2731.377 / Time: 0h:0m:29s (0h:0m:2s left)
BETTER TREE FOUND at iteration 305: -2731.190
Iteration 310 / LogL: -2731.191 / Time: 0h:0m:30s (0h:0m:9s left)
Iteration 320 / LogL: -2731.606 / Time: 0h:0m:30s (0h:0m:8s left)
BETTER TREE FOUND at iteration 323: -2731.190
Iteration 330 / LogL: -2731.290 / Time: 0h:0m:31s (0h:0m:8s left)
UPDATE BEST LOG-LIKELIHOOD: -2731.190
Iteration 340 / LogL: -2731.191 / Time: 0h:0m:32s (0h:0m:7s left)
Iteration 350 / LogL: -2782.415 / Time: 0h:0m:32s (0h:0m:6s left)
Iteration 360 / LogL: -2732.781 / Time: 0h:0m:33s (0h:0m:5s left)
Iteration 370 / LogL: -2731.377 / Time: 0h:0m:33s (0h:0m:4s left)
Iteration 380 / LogL: -2735.010 / Time: 0h:0m:34s (0h:0m:3s left)
Iteration 390 / LogL: -2731.190 / Time: 0h:0m:35s (0h:0m:2s left)
BETTER TREE FOUND at iteration 392: -2731.190
Iteration 400 / LogL: -2731.289 / Time: 0h:0m:35s (0h:0m:8s left)
BETTER TREE FOUND at iteration 404: -2731.190
Iteration 410 / LogL: -2731.794 / Time: 0h:0m:36s (0h:0m:8s left)
Iteration 420 / LogL: -2731.191 / Time: 0h:0m:36s (0h:0m:7s left)
Iteration 430 / LogL: -2731.794 / Time: 0h:0m:37s (0h:0m:6s left)
Iteration 440 / LogL: -2731.525 / Time: 0h:0m:37s (0h:0m:5s left)
Iteration 450 / LogL: -2731.289 / Time: 0h:0m:38s (0h:0m:4s left)
Iteration 460 / LogL: -2731.190 / Time: 0h:0m:38s (0h:0m:3s left)
Iteration 470 / LogL: -2732.445 / Time: 0h:0m:39s (0h:0m:2s left)
Iteration 480 / LogL: -2731.191 / Time: 0h:0m:40s (0h:0m:2s left)
Iteration 490 / LogL: -2731.190 / Time: 0h:0m:40s (0h:0m:1s left)
Iteration 500 / LogL: -2736.960 / Time: 0h:0m:41s (0h:0m:0s left)
TREE SEARCH COMPLETED AFTER 505 ITERATIONS / Time: 0h:0m:41s

--------------------------------------------------------------------
|                    FINALIZING TREE SEARCH                        |
--------------------------------------------------------------------
Performs final model parameters optimization
Estimate model parameters (epsilon = 0.010)
1. Initial log-likelihood: -2731.190
Optimal log-likelihood: -2731.188
Rate parameters:  A-C: 0.99710  A-G: 4.11559  A-T: 1.53396  C-G: 0.43000  C-T: 5.90583  G-T: 1.00000
Base frequencies:  A: 0.254  C: 0.266  G: 0.241  T: 0.240
Proportion of invariable sites: 0.274
Gamma shape alpha: 0.688
Parameters optimization took 1 rounds (0.007 sec)
BEST SCORE FOUND : -2731.188
Total tree length: 4.157

Total number of iterations: 505
CPU time used for tree search: 27.298 sec (0h:0m:27s)
Wall-clock time used for tree search: 27.815 sec (0h:0m:27s)
Total CPU time used: 38.530 sec (0h:0m:38s)
Total wall-clock time used: 41.629 sec (0h:0m:41s)

Analysis results written to: 
  IQ-TREE report:                376.fasta.iqtree
  Maximum-likelihood tree:       376.fasta.treefile
  Likelihood distances:          376.fasta.mldist
  Screen log file:               376.fasta.log

Date and Time: Sun Jun 22 19:03:00 2025
