IQ-TREE multicore version 2.4.0 for MacOS ARM 64-bit built Mar  8 2025
Developed by Bui Quang Minh, Nguyen Lam Tung, Olga Chernomor, Heiko Schmidt,
Dominik Schrempf, Michael Woodhams, Ly Trong Nhan, Thomas Wong

Host:    Mac.telekom.ip (SSE4.2, 16 GB RAM)
Command: iqtree2 --quiet -T AUTO -ntmax 4 -s 426.fasta -m GTR+F+I+G4
Seed:    105286 (Using SPRNG - Scalable Parallel Random Number Generator)
Time:    Sun Jun 22 19:03:00 2025
Kernel:  SSE2 - auto-detect threads (12 CPU cores detected)

Reading alignment file 426.fasta ... Fasta format detected
Reading fasta file: done in 0.000263929 secs using 84.11% CPU
Alignment most likely contains DNA/RNA sequences
Alignment has 84 sequences with 216 columns, 131 distinct patterns
114 parsimony-informative, 5 singleton sites, 97 constant sites
            Gap/Ambiguity  Composition  p-value
Analyzing sequences: done in 6.60419e-05 secs using 49.97% CPU
   1  KR074148.1    0.93%    passed     84.42%
   2  KR074149.1    0.93%    passed     67.64%
   3  KR074150.1    0.93%    passed     96.57%
   4  KR074151.1    0.93%    passed     48.93%
   5  KR074152.1    0.93%    passed     62.42%
   6  KR074153.1    0.93%    passed     31.45%
   7  KR074154.1    0.93%    passed     74.52%
   8  KR074155.1    0.93%    passed     97.38%
   9  KR074156.1    0.93%    passed     94.05%
  10  KR074157.1    0.93%    passed     94.05%
  11  KR074158.1    0.93%    passed     89.52%
  12  KR074159.1    0.93%    passed     75.23%
  13  KR074160.1    0.93%    passed     96.53%
  14  KR074161.1    0.93%    passed     62.27%
  15  KR074162.1    0.93%    passed     62.27%
  16  KR074163.1    0.93%    passed     57.65%
  17  KR074164.1    0.93%    passed     47.08%
  18  KR074165.1    0.93%    passed     95.82%
  19  KR074166.1    0.93%    passed     90.78%
  20  KR074167.1    0.93%    passed     95.82%
  21  KR074168.1    0.93%    passed     93.44%
  22  KR074169.1    0.93%    passed     93.59%
  23  KR074170.1    0.93%    passed     72.49%
  24  KR074171.1    0.93%    passed     98.88%
  25  KR074172.1    0.93%    passed     94.05%
  26  KR074173.1    0.93%    passed     85.15%
  27  KR074174.1    0.93%    passed     18.23%
  28  KR074175.1    0.93%    passed     99.66%
  29  KR074176.1    0.93%    passed     95.82%
  30  KR074177.1    0.93%    passed     96.53%
  31  KR074178.1    0.93%    passed     98.48%
  32  KR074179.1    0.93%    passed     63.64%
  33  KR074180.1    0.93%    passed     90.78%
  34  KR074181.1    0.93%    passed     57.65%
  35  KR074182.1    0.93%    passed     93.59%
  36  KR074183.1    0.93%    passed     18.23%
  37  KR074184.1   17.13%    passed     88.46%
  38  KR074185.1   17.13%    passed     83.75%
  39  KR074186.1    0.93%    passed     98.60%
  40  KR074187.1    0.93%    passed     95.82%
  41  KR074188.1    0.93%    passed     98.89%
  42  KR074189.1    0.93%    passed     97.51%
  43  KR074190.1    2.78%    passed     66.50%
  44  KR074191.1    0.93%    passed     71.45%
  45  KY451971.1    4.17%    passed     96.69%
  46  KY451972.1    4.17%    passed     96.69%
  47  KY451973.1    4.17%    passed     96.69%
  48  KY451974.1    4.17%    passed     96.69%
  49  KY451975.1    4.17%    passed     96.69%
  50  KY451976.1    4.17%    passed     96.69%
  51  KY451977.1    4.17%    passed     96.69%
  52  KY451978.1    4.17%    passed     97.34%
  53  KY451979.1    4.17%    passed     96.69%
  54  KY451980.1    4.17%    passed     96.69%
  55  KY451981.1    4.17%    passed     96.69%
  56  KY451982.1    4.17%    passed     96.69%
  57  KY451983.1    4.17%    passed     96.69%
  58  KY451984.1    4.17%    passed     96.69%
  59  KY451985.1    4.17%    passed     96.69%
  60  KY451986.1    4.17%    passed     96.69%
  61  KY451987.1    4.17%    passed     96.69%
  62  MF158177.1    0.00%    passed     76.45%
  63  MF158178.1    0.00%    passed     86.14%
  64  MF158179.1    0.00%    passed     84.89%
  65  MF158180.1    0.00%    passed     97.20%
  66  MF158181.1    0.00%    passed     77.39%
  67  MF158182.1    0.00%    passed     82.74%
  68  MF158183.1    0.00%    passed     82.74%
  69  MF158184.1    0.00%    passed     82.74%
  70  MF158185.1    0.00%    passed     89.30%
  71  MF158186.1    0.00%    passed     87.77%
  72  MF158187.1    0.00%    passed     96.35%
  73  MF158188.1    0.00%    passed     56.53%
  74  MF158189.1    0.00%    passed     67.59%
  75  MF158190.1    0.00%    passed     54.28%
  76  MF158191.1    0.00%    passed     96.64%
  77  MF158192.1    0.00%    passed     96.64%
  78  MF158193.1    0.00%    passed     96.64%
  79  MF158194.1    0.00%    passed     96.64%
  80  MF158195.1    0.00%    passed     96.64%
  81  MF158196.1    0.00%    passed     96.64%
  82  MF158197.1    0.00%    passed     96.64%
  83  MF158198.1    0.46%    passed     97.79%
  84  MF158199.1    0.00%    passed     91.44%
****  TOTAL         1.74%  0 sequences failed composition chi2 test (p-value<5%; df=3)
NOTE: KR074157.1 is identical to KR074156.1 but kept for subsequent analysis
NOTE: KR074177.1 is identical to KR074160.1 but kept for subsequent analysis
NOTE: KR074162.1 is identical to KR074161.1 but kept for subsequent analysis
NOTE: KR074167.1 is identical to KR074165.1 but kept for subsequent analysis
NOTE: KR074183.1 is identical to KR074174.1 but kept for subsequent analysis
NOTE: KY451972.1 is identical to KY451971.1 but kept for subsequent analysis
NOTE: MF158183.1 is identical to MF158182.1 but kept for subsequent analysis
NOTE: MF158192.1 is identical to MF158191.1 but kept for subsequent analysis
NOTE: 20 identical sequences (see below) will be ignored for subsequent analysis
NOTE: KY451973.1 (identical to KY451971.1) is ignored but added at the end
NOTE: KY451974.1 (identical to KY451971.1) is ignored but added at the end
NOTE: KY451975.1 (identical to KY451971.1) is ignored but added at the end
NOTE: KY451976.1 (identical to KY451971.1) is ignored but added at the end
NOTE: KY451977.1 (identical to KY451971.1) is ignored but added at the end
NOTE: KY451979.1 (identical to KY451971.1) is ignored but added at the end
NOTE: KY451980.1 (identical to KY451971.1) is ignored but added at the end
NOTE: KY451981.1 (identical to KY451971.1) is ignored but added at the end
NOTE: KY451982.1 (identical to KY451971.1) is ignored but added at the end
NOTE: KY451983.1 (identical to KY451971.1) is ignored but added at the end
NOTE: KY451984.1 (identical to KY451971.1) is ignored but added at the end
NOTE: KY451985.1 (identical to KY451971.1) is ignored but added at the end
NOTE: KY451986.1 (identical to KY451971.1) is ignored but added at the end
NOTE: KY451987.1 (identical to KY451971.1) is ignored but added at the end
NOTE: MF158184.1 (identical to MF158182.1) is ignored but added at the end
NOTE: MF158193.1 (identical to MF158191.1) is ignored but added at the end
NOTE: MF158194.1 (identical to MF158191.1) is ignored but added at the end
NOTE: MF158195.1 (identical to MF158191.1) is ignored but added at the end
NOTE: MF158196.1 (identical to MF158191.1) is ignored but added at the end
NOTE: MF158197.1 (identical to MF158191.1) is ignored but added at the end
Alignment was printed to 426.fasta.uniqueseq.phy

For your convenience alignment with unique sequences printed to 426.fasta.uniqueseq.phy

Create initial parsimony tree by phylogenetic likelihood library (PLL)... 0.002 seconds

NOTE: 1 MB RAM (0 GB) is required!
Measuring multi-threading efficiency up to 4 CPU cores
Increase to 10 rounds for branch lengths
303 trees examined
Threads: 1 / Time: 4.003 sec / Speedup: 1.000 / Efficiency: 100% / LogL: -6238
Threads: 2 / Time: 9.394 sec / Speedup: 0.426 / Efficiency: 21% / LogL: -6238
BEST NUMBER OF THREADS: 1

Estimate model parameters (epsilon = 0.100)
Thoroughly optimizing +I+G parameters from 10 start values...
Init pinv, alpha: 0.000, 1.000 / Estimate: 0.000, 0.320 / LogL: -2489.082
Init pinv, alpha: 0.050, 1.000 / Estimate: 0.369, 0.900 / LogL: -2481.032
Init pinv, alpha: 0.100, 1.000 / Estimate: 0.372, 0.912 / LogL: -2481.019
Init pinv, alpha: 0.150, 1.000 / Estimate: 0.368, 0.896 / LogL: -2481.057
Init pinv, alpha: 0.200, 1.000 / Estimate: 0.367, 0.890 / LogL: -2481.076
Init pinv, alpha: 0.249, 1.000 / Estimate: 0.367, 0.891 / LogL: -2481.082
Init pinv, alpha: 0.299, 1.000 / Estimate: 0.372, 0.913 / LogL: -2481.050
Init pinv, alpha: 0.349, 1.000 / Estimate: 0.376, 0.938 / LogL: -2481.050
Init pinv, alpha: 0.399, 1.000 / Estimate: 0.385, 0.997 / LogL: -2481.035
Init pinv, alpha: 0.449, 1.000 / Estimate: 0.392, 1.040 / LogL: -2481.037
Optimal pinv,alpha: 0.372, 0.912 / LogL: -2481.019

Parameters optimization took 1.004 sec
Wrote distance file to... 
Computing ML distances based on estimated model parameters...
Calculating distance matrix: done in 0.00710297 secs using 98.61% CPU
Computing ML distances took 0.007141 sec (of wall-clock time) 0.007026 sec (of CPU time)
Setting up auxiliary I and S matrices: done in 8.01086e-05 secs using 132.3% CPU
Computing RapidNJ tree took 0.000243 sec (of wall-clock time) 0.000371 sec (of CPU time)
Log-likelihood of RapidNJ tree: -2500.796
--------------------------------------------------------------------
|             INITIALIZING CANDIDATE TREE SET                      |
--------------------------------------------------------------------
Generating 98 parsimony trees... 0.204 second
Computing log-likelihood of 98 initial trees ... 0.152 seconds
Current best score: -2474.278

Do NNI search on 20 best initial trees
Estimate model parameters (epsilon = 0.100)
BETTER TREE FOUND at iteration 1: -2470.281
BETTER TREE FOUND at iteration 2: -2470.280
Estimate model parameters (epsilon = 0.100)
BETTER TREE FOUND at iteration 3: -2468.887
Estimate model parameters (epsilon = 0.100)
BETTER TREE FOUND at iteration 5: -2468.728
Iteration 10 / LogL: -2470.996 / Time: 0h:0m:15s
Iteration 20 / LogL: -2471.812 / Time: 0h:0m:15s
Finish initializing candidate tree set (20)
Current best tree score: -2468.728 / CPU time: 1.146
Number of iterations: 20
--------------------------------------------------------------------
|               OPTIMIZING CANDIDATE TREE SET                      |
--------------------------------------------------------------------
Estimate model parameters (epsilon = 0.100)
BETTER TREE FOUND at iteration 23: -2468.491
Iteration 30 / LogL: -2469.116 / Time: 0h:0m:16s (0h:0m:51s left)
BETTER TREE FOUND at iteration 35: -2468.486
BETTER TREE FOUND at iteration 40: -2468.486
Iteration 40 / LogL: -2468.486 / Time: 0h:0m:16s (0h:0m:42s left)
UPDATE BEST LOG-LIKELIHOOD: -2468.486
Iteration 50 / LogL: -2468.487 / Time: 0h:0m:17s (0h:0m:31s left)
Iteration 60 / LogL: -2501.930 / Time: 0h:0m:17s (0h:0m:24s left)
Iteration 70 / LogL: -2470.872 / Time: 0h:0m:18s (0h:0m:18s left)
Iteration 80 / LogL: -2468.486 / Time: 0h:0m:18s (0h:0m:14s left)
Iteration 90 / LogL: -2468.495 / Time: 0h:0m:19s (0h:0m:10s left)
Iteration 100 / LogL: -2468.986 / Time: 0h:0m:19s (0h:0m:8s left)
Iteration 110 / LogL: -2468.487 / Time: 0h:0m:20s (0h:0m:5s left)
Iteration 120 / LogL: -2468.487 / Time: 0h:0m:21s (0h:0m:3s left)
Iteration 130 / LogL: -2468.987 / Time: 0h:0m:21s (0h:0m:1s left)
Iteration 140 / LogL: -2471.503 / Time: 0h:0m:22s (0h:0m:0s left)
TREE SEARCH COMPLETED AFTER 141 ITERATIONS / Time: 0h:0m:22s

--------------------------------------------------------------------
|                    FINALIZING TREE SEARCH                        |
--------------------------------------------------------------------
Performs final model parameters optimization
Estimate model parameters (epsilon = 0.010)
1. Initial log-likelihood: -2468.486
Optimal log-likelihood: -2468.484
Rate parameters:  A-C: 1.18437  A-G: 3.95773  A-T: 1.20743  C-G: 0.42773  C-T: 6.20524  G-T: 1.00000
Base frequencies:  A: 0.260  C: 0.245  G: 0.238  T: 0.258
Proportion of invariable sites: 0.374
Gamma shape alpha: 0.895
Parameters optimization took 1 rounds (0.008 sec)
BEST SCORE FOUND : -2468.484
Total tree length: 4.766

Total number of iterations: 141
CPU time used for tree search: 8.231 sec (0h:0m:8s)
Wall-clock time used for tree search: 8.313 sec (0h:0m:8s)
Total CPU time used: 20.052 sec (0h:0m:20s)
Total wall-clock time used: 22.752 sec (0h:0m:22s)

Analysis results written to: 
  IQ-TREE report:                426.fasta.iqtree
  Maximum-likelihood tree:       426.fasta.treefile
  Likelihood distances:          426.fasta.mldist
  Screen log file:               426.fasta.log

Date and Time: Sun Jun 22 19:03:22 2025
