IQ-TREE multicore version 2.4.0 for MacOS ARM 64-bit built Mar  8 2025
Developed by Bui Quang Minh, Nguyen Lam Tung, Olga Chernomor, Heiko Schmidt,
Dominik Schrempf, Michael Woodhams, Ly Trong Nhan, Thomas Wong

Host:    Mac.telekom.ip (SSE4.2, 16 GB RAM)
Command: iqtree2 --quiet -T AUTO -ntmax 4 -s 26.fasta -m GTR+F+I+G4
Seed:    969485 (Using SPRNG - Scalable Parallel Random Number Generator)
Time:    Sun Jun 22 19:01:26 2025
Kernel:  SSE2 - auto-detect threads (12 CPU cores detected)

Reading alignment file 26.fasta ... Fasta format detected
Reading fasta file: done in 0.000188112 secs using 88.25% CPU
Alignment most likely contains DNA/RNA sequences
Alignment has 84 sequences with 150 columns, 91 distinct patterns
73 parsimony-informative, 4 singleton sites, 73 constant sites
            Gap/Ambiguity  Composition  p-value
Analyzing sequences: done in 5.19753e-05 secs using 71.19% CPU
   1  KR074148.1    0.00%    passed     49.61%
   2  KR074149.1    0.00%    passed     92.16%
   3  KR074150.1    0.00%    passed     64.67%
   4  KR074151.1    0.00%    passed     81.75%
   5  KR074152.1    0.00%    passed     81.31%
   6  KR074153.1    0.00%    passed     93.20%
   7  KR074154.1    0.00%    passed     38.74%
   8  KR074155.1    0.00%    passed     92.69%
   9  KR074156.1    0.00%    passed     45.85%
  10  KR074157.1    0.00%    passed     45.85%
  11  KR074158.1    0.00%    passed     80.64%
  12  KR074159.1    0.00%    passed     77.69%
  13  KR074160.1    0.00%    passed     44.95%
  14  KR074161.1    0.00%    passed     74.92%
  15  KR074162.1    0.00%    passed     74.92%
  16  KR074163.1    0.00%    passed     89.78%
  17  KR074164.1    0.00%    passed     89.78%
  18  KR074165.1    0.00%    passed     88.16%
  19  KR074166.1    0.00%    passed     79.11%
  20  KR074167.1    0.00%    passed     79.11%
  21  KR074168.1    0.00%    passed     73.37%
  22  KR074169.1    0.00%    passed     79.11%
  23  KR074170.1    0.00%    passed     89.81%
  24  KR074171.1    0.00%    passed     92.69%
  25  KR074172.1    0.00%    passed     43.46%
  26  KR074173.1    0.00%    passed     44.95%
  27  KR074174.1    0.00%    passed     30.71%
  28  KR074175.1    0.00%    passed     84.64%
  29  KR074176.1    0.00%    passed     75.06%
  30  KR074177.1    0.00%    passed     44.95%
  31  KR074178.1    0.00%    passed     44.95%
  32  KR074179.1    0.00%    passed     89.78%
  33  KR074180.1    0.00%    passed     73.57%
  34  KR074181.1    0.00%    passed     93.88%
  35  KR074182.1    0.00%    passed     69.62%
  36  KR074183.1    0.00%    passed     30.71%
  37  KR074184.1    0.00%    passed     44.95%
  38  KR074185.1    0.00%    passed     74.92%
  39  KR074186.1   51.33%    passed     52.31%
  40  KR074187.1   51.33%    passed     52.31%
  41  KR074188.1    0.00%    passed     49.64%
  42  KR074189.1    0.00%    passed     55.13%
  43  KR074190.1    0.00%    passed     74.92%
  44  KR074191.1   14.67%    passed     96.37%
  45  KY451971.1   13.33%    passed     99.26%
  46  KY451972.1   13.33%    passed     99.70%
  47  KY451973.1   13.33%    passed     99.26%
  48  KY451974.1   13.33%    passed     99.26%
  49  KY451975.1   13.33%    passed     99.26%
  50  KY451976.1   13.33%    passed     99.26%
  51  KY451977.1   13.33%    passed     99.26%
  52  KY451978.1   13.33%    passed     99.26%
  53  KY451979.1   13.33%    passed     99.26%
  54  KY451980.1   13.33%    passed     99.26%
  55  KY451981.1   13.33%    passed     99.26%
  56  KY451982.1   13.33%    passed     99.26%
  57  KY451983.1   13.33%    passed     99.26%
  58  KY451984.1   13.33%    passed     99.26%
  59  KY451985.1   13.33%    passed     99.26%
  60  KY451986.1   13.33%    passed     99.12%
  61  KY451987.1   13.33%    passed     98.14%
  62  MF158177.1   14.00%    passed     98.58%
  63  MF158178.1   14.00%    passed     94.12%
  64  MF158179.1   14.00%    passed     94.12%
  65  MF158180.1   14.00%    passed     94.12%
  66  MF158181.1   14.00%    passed     93.97%
  67  MF158182.1   14.00%    passed     93.97%
  68  MF158183.1   14.00%    passed     93.97%
  69  MF158184.1   14.00%    passed     93.97%
  70  MF158185.1   14.00%    passed     93.97%
  71  MF158186.1   14.00%    passed     93.97%
  72  MF158187.1   14.00%    passed     90.52%
  73  MF158188.1   14.00%    passed     92.30%
  74  MF158189.1   14.00%    passed     92.30%
  75  MF158190.1   14.00%    passed     92.30%
  76  MF158191.1   14.00%    passed     99.07%
  77  MF158192.1   14.00%    passed     99.07%
  78  MF158193.1   14.00%    passed     99.07%
  79  MF158194.1   14.00%    passed     99.07%
  80  MF158195.1   14.00%    passed     99.07%
  81  MF158196.1   14.00%    passed     99.07%
  82  MF158197.1   14.00%    passed     99.07%
  83  MF158198.1   14.00%    passed     99.07%
  84  MF158199.1   15.33%    passed     66.72%
WARNING: 2 sequences contain more than 50% gaps/ambiguity
****  TOTAL         7.94%  0 sequences failed composition chi2 test (p-value<5%; df=3)
NOTE: KR074171.1 is identical to KR074155.1 but kept for subsequent analysis
NOTE: KR074157.1 is identical to KR074156.1 but kept for subsequent analysis
NOTE: KR074173.1 is identical to KR074160.1 but kept for subsequent analysis
NOTE: KR074162.1 is identical to KR074161.1 but kept for subsequent analysis
NOTE: KR074164.1 is identical to KR074163.1 but kept for subsequent analysis
NOTE: KR074167.1 is identical to KR074166.1 but kept for subsequent analysis
NOTE: KR074183.1 is identical to KR074174.1 but kept for subsequent analysis
NOTE: KR074187.1 is identical to KR074186.1 but kept for subsequent analysis
NOTE: KY451973.1 is identical to KY451971.1 but kept for subsequent analysis
NOTE: MF158179.1 is identical to MF158178.1 but kept for subsequent analysis
NOTE: MF158182.1 is identical to MF158181.1 but kept for subsequent analysis
NOTE: MF158189.1 is identical to MF158188.1 but kept for subsequent analysis
NOTE: MF158192.1 is identical to MF158191.1 but kept for subsequent analysis
NOTE: 30 identical sequences (see below) will be ignored for subsequent analysis
NOTE: KR074177.1 (identical to KR074160.1) is ignored but added at the end
NOTE: KR074178.1 (identical to KR074160.1) is ignored but added at the end
NOTE: KR074185.1 (identical to KR074161.1) is ignored but added at the end
NOTE: KR074190.1 (identical to KR074161.1) is ignored but added at the end
NOTE: KR074179.1 (identical to KR074163.1) is ignored but added at the end
NOTE: KR074169.1 (identical to KR074166.1) is ignored but added at the end
NOTE: KY451974.1 (identical to KY451971.1) is ignored but added at the end
NOTE: KY451975.1 (identical to KY451971.1) is ignored but added at the end
NOTE: KY451976.1 (identical to KY451971.1) is ignored but added at the end
NOTE: KY451977.1 (identical to KY451971.1) is ignored but added at the end
NOTE: KY451978.1 (identical to KY451971.1) is ignored but added at the end
NOTE: KY451979.1 (identical to KY451971.1) is ignored but added at the end
NOTE: KY451980.1 (identical to KY451971.1) is ignored but added at the end
NOTE: KY451981.1 (identical to KY451971.1) is ignored but added at the end
NOTE: KY451982.1 (identical to KY451971.1) is ignored but added at the end
NOTE: KY451983.1 (identical to KY451971.1) is ignored but added at the end
NOTE: KY451984.1 (identical to KY451971.1) is ignored but added at the end
NOTE: KY451985.1 (identical to KY451971.1) is ignored but added at the end
NOTE: MF158180.1 (identical to MF158178.1) is ignored but added at the end
NOTE: MF158183.1 (identical to MF158181.1) is ignored but added at the end
NOTE: MF158184.1 (identical to MF158181.1) is ignored but added at the end
NOTE: MF158185.1 (identical to MF158181.1) is ignored but added at the end
NOTE: MF158186.1 (identical to MF158181.1) is ignored but added at the end
NOTE: MF158190.1 (identical to MF158188.1) is ignored but added at the end
NOTE: MF158193.1 (identical to MF158191.1) is ignored but added at the end
NOTE: MF158194.1 (identical to MF158191.1) is ignored but added at the end
NOTE: MF158195.1 (identical to MF158191.1) is ignored but added at the end
NOTE: MF158196.1 (identical to MF158191.1) is ignored but added at the end
NOTE: MF158197.1 (identical to MF158191.1) is ignored but added at the end
NOTE: MF158198.1 (identical to MF158191.1) is ignored but added at the end
Alignment was printed to 26.fasta.uniqueseq.phy

For your convenience alignment with unique sequences printed to 26.fasta.uniqueseq.phy

Create initial parsimony tree by phylogenetic likelihood library (PLL)... 0.002 seconds

NOTE: 0 MB RAM (0 GB) is required!
Measuring multi-threading efficiency up to 4 CPU cores
Increase to 10 rounds for branch lengths
502 trees examined
Threads: 1 / Time: 4.003 sec / Speedup: 1.000 / Efficiency: 100% / LogL: -3437
Threads: 2 / Time: 16.171 sec / Speedup: 0.248 / Efficiency: 12% / LogL: -3437
BEST NUMBER OF THREADS: 1

Estimate model parameters (epsilon = 0.100)
Thoroughly optimizing +I+G parameters from 10 start values...
Init pinv, alpha: 0.000, 1.000 / Estimate: 0.000, 0.257 / LogL: -1344.315
Init pinv, alpha: 0.054, 1.000 / Estimate: 0.047, 0.284 / LogL: -1344.684
Init pinv, alpha: 0.108, 1.000 / Estimate: 0.092, 0.315 / LogL: -1345.081
Init pinv, alpha: 0.162, 1.000 / Estimate: 0.141, 0.359 / LogL: -1345.564
Init pinv, alpha: 0.216, 1.000 / Estimate: 0.190, 0.417 / LogL: -1346.031
Init pinv, alpha: 0.270, 1.000 / Estimate: 0.274, 0.577 / LogL: -1346.740
Init pinv, alpha: 0.324, 1.000 / Estimate: 0.329, 0.736 / LogL: -1346.884
Init pinv, alpha: 0.379, 1.000 / Estimate: 0.373, 0.919 / LogL: -1346.860
Init pinv, alpha: 0.433, 1.000 / Estimate: 0.401, 1.089 / LogL: -1346.854
Init pinv, alpha: 0.487, 1.000 / Estimate: 0.416, 1.205 / LogL: -1346.898
Optimal pinv,alpha: 0.000, 0.257 / LogL: -1344.315

Parameters optimization took 0.284 sec
Wrote distance file to... 
Computing ML distances based on estimated model parameters...
Calculating distance matrix: done in 0.00506306 secs using 98.68% CPU
Computing ML distances took 0.005098 sec (of wall-clock time) 0.005015 sec (of CPU time)
Setting up auxiliary I and S matrices: done in 7.00951e-05 secs using 85.6% CPU
Computing RapidNJ tree took 0.000225 sec (of wall-clock time) 0.000289 sec (of CPU time)
Log-likelihood of RapidNJ tree: -1374.790
--------------------------------------------------------------------
|             INITIALIZING CANDIDATE TREE SET                      |
--------------------------------------------------------------------
Generating 98 parsimony trees... 0.158 second
Computing log-likelihood of 98 initial trees ... 0.100 seconds
Current best score: -1344.315

Do NNI search on 20 best initial trees
Estimate model parameters (epsilon = 0.100)
BETTER TREE FOUND at iteration 1: -1342.738
Iteration 10 / LogL: -1342.740 / Time: 0h:0m:20s
Iteration 20 / LogL: -1342.739 / Time: 0h:0m:21s
Finish initializing candidate tree set (10)
Current best tree score: -1342.738 / CPU time: 0.607
Number of iterations: 20
--------------------------------------------------------------------
|               OPTIMIZING CANDIDATE TREE SET                      |
--------------------------------------------------------------------
Iteration 30 / LogL: -1399.191 / Time: 0h:0m:21s (0h:0m:52s left)
Estimate model parameters (epsilon = 0.100)
BETTER TREE FOUND at iteration 33: -1342.207
Iteration 40 / LogL: -1344.718 / Time: 0h:0m:21s (0h:0m:51s left)
Iteration 50 / LogL: -1342.540 / Time: 0h:0m:21s (0h:0m:37s left)
Iteration 60 / LogL: -1343.145 / Time: 0h:0m:22s (0h:0m:27s left)
Iteration 70 / LogL: -1344.716 / Time: 0h:0m:22s (0h:0m:20s left)
Iteration 80 / LogL: -1344.893 / Time: 0h:0m:22s (0h:0m:15s left)
Iteration 90 / LogL: -1342.209 / Time: 0h:0m:23s (0h:0m:11s left)
Iteration 100 / LogL: -1352.808 / Time: 0h:0m:23s (0h:0m:7s left)
Iteration 110 / LogL: -1352.809 / Time: 0h:0m:23s (0h:0m:5s left)
Iteration 120 / LogL: -1342.823 / Time: 0h:0m:24s (0h:0m:2s left)
Iteration 130 / LogL: -1342.209 / Time: 0h:0m:24s (0h:0m:0s left)
TREE SEARCH COMPLETED AFTER 134 ITERATIONS / Time: 0h:0m:24s

--------------------------------------------------------------------
|                    FINALIZING TREE SEARCH                        |
--------------------------------------------------------------------
Performs final model parameters optimization
Estimate model parameters (epsilon = 0.010)
1. Initial log-likelihood: -1342.207
Optimal log-likelihood: -1342.207
Rate parameters:  A-C: 0.82784  A-G: 6.38050  A-T: 0.91796  C-G: 0.50506  C-T: 8.20000  G-T: 1.00000
Base frequencies:  A: 0.290  C: 0.237  G: 0.228  T: 0.245
Proportion of invariable sites: 0.000
Gamma shape alpha: 0.256
Parameters optimization took 1 rounds (0.004 sec)
BEST SCORE FOUND : -1342.207
Total tree length: 2.854

Total number of iterations: 134
CPU time used for tree search: 3.904 sec (0h:0m:3s)
Wall-clock time used for tree search: 3.959 sec (0h:0m:3s)
Total CPU time used: 17.061 sec (0h:0m:17s)
Total wall-clock time used: 24.458 sec (0h:0m:24s)

Analysis results written to: 
  IQ-TREE report:                26.fasta.iqtree
  Maximum-likelihood tree:       26.fasta.treefile
  Likelihood distances:          26.fasta.mldist
  Screen log file:               26.fasta.log

Date and Time: Sun Jun 22 19:01:51 2025
