IQ-TREE multicore version 2.4.0 for MacOS ARM 64-bit built Mar  8 2025
Developed by Bui Quang Minh, Nguyen Lam Tung, Olga Chernomor, Heiko Schmidt,
Dominik Schrempf, Michael Woodhams, Ly Trong Nhan, Thomas Wong

Host:    Mac.telekom.ip (SSE4.2, 16 GB RAM)
Command: iqtree2 --quiet -T AUTO -ntmax 4 -s 301.fasta -m GTR+F+I+G4
Seed:    99056 (Using SPRNG - Scalable Parallel Random Number Generator)
Time:    Sun Jun 22 19:00:16 2025
Kernel:  SSE2 - auto-detect threads (12 CPU cores detected)

Reading alignment file 301.fasta ... Fasta format detected
Reading fasta file: done in 0.000264883 secs using 89.85% CPU
Alignment most likely contains DNA/RNA sequences
Alignment has 84 sequences with 250 columns, 116 distinct patterns
112 parsimony-informative, 2 singleton sites, 136 constant sites
            Gap/Ambiguity  Composition  p-value
Analyzing sequences: done in 6.29425e-05 secs using 66.73% CPU
   1  KR074148.1    0.00%    passed     93.06%
   2  KR074149.1    0.00%    passed     88.63%
   3  KR074150.1    0.00%    passed     81.68%
   4  KR074151.1    0.00%    passed     92.06%
   5  KR074152.1    0.00%    passed     91.81%
   6  KR074153.1    0.00%    passed     86.55%
   7  KR074154.1    0.00%    passed     96.53%
   8  KR074155.1    0.00%    passed     93.80%
   9  KR074156.1    0.00%    passed     89.71%
  10  KR074157.1    0.00%    passed     89.71%
  11  KR074158.1    0.00%    passed     94.91%
  12  KR074159.1    0.00%    passed     98.16%
  13  KR074160.1    0.00%    passed     92.93%
  14  KR074161.1    0.00%    passed     91.72%
  15  KR074162.1    0.00%    passed     91.72%
  16  KR074163.1    0.00%    passed     94.88%
  17  KR074164.1    0.00%    passed     92.95%
  18  KR074165.1    0.00%    passed     98.67%
  19  KR074166.1    0.00%    passed     99.55%
  20  KR074167.1    0.00%    passed     98.67%
  21  KR074168.1    0.00%    passed     98.67%
  22  KR074169.1    0.00%    passed     96.90%
  23  KR074170.1    0.00%    passed     99.12%
  24  KR074171.1    0.00%    passed     93.34%
  25  KR074172.1    0.00%    passed     94.57%
  26  KR074173.1    0.00%    passed     94.57%
  27  KR074174.1    0.00%    passed     91.37%
  28  KR074175.1    0.00%    passed     99.94%
  29  KR074176.1    0.00%    passed     98.39%
  30  KR074177.1    0.00%    passed     92.93%
  31  KR074178.1    0.00%    passed     93.06%
  32  KR074179.1    0.00%    passed     91.63%
  33  KR074180.1    0.00%    passed     98.39%
  34  KR074181.1    0.00%    passed     91.63%
  35  KR074182.1    0.00%    passed     98.72%
  36  KR074183.1    0.00%    passed     91.37%
  37  KR074184.1    0.00%    passed     92.93%
  38  KR074185.1    0.00%    passed     91.72%
  39  KR074186.1    0.00%    passed     99.55%
  40  KR074187.1    0.00%    passed     99.25%
  41  KR074188.1    0.00%    passed     54.04%
  42  KR074189.1    0.00%    passed     49.32%
  43  KR074190.1    0.00%    passed     91.67%
  44  KR074191.1    0.00%    passed     95.39%
  45  KY451971.1    0.00%    passed     94.87%
  46  KY451972.1    0.00%    passed     94.87%
  47  KY451973.1    0.00%    passed     94.87%
  48  KY451974.1    0.00%    passed     94.87%
  49  KY451975.1    0.00%    passed     94.87%
  50  KY451976.1    0.00%    passed     94.87%
  51  KY451977.1    0.00%    passed     94.87%
  52  KY451978.1    0.00%    passed     92.04%
  53  KY451979.1    0.00%    passed     94.87%
  54  KY451980.1    0.00%    passed     94.87%
  55  KY451981.1    0.00%    passed     94.87%
  56  KY451982.1    0.00%    passed     94.87%
  57  KY451983.1    0.00%    passed     90.12%
  58  KY451984.1    0.00%    passed     94.87%
  59  KY451985.1    0.00%    passed     94.87%
  60  KY451986.1    0.00%    passed     95.26%
  61  KY451987.1    0.00%    passed     92.04%
  62  MF158177.1    0.00%    passed     92.28%
  63  MF158178.1    0.00%    passed     98.11%
  64  MF158179.1    0.00%    passed     96.90%
  65  MF158180.1    0.00%    passed     98.11%
  66  MF158181.1    0.00%    passed     94.32%
  67  MF158182.1    0.00%    passed     96.48%
  68  MF158183.1    0.00%    passed     97.28%
  69  MF158184.1    0.00%    passed     97.28%
  70  MF158185.1    0.00%    passed     97.28%
  71  MF158186.1    0.00%    passed     96.48%
  72  MF158187.1    0.00%    passed     99.25%
  73  MF158188.1    0.00%    passed     39.98%
  74  MF158189.1    0.00%    passed     46.87%
  75  MF158190.1    0.00%    passed     46.87%
  76  MF158191.1    0.00%    passed     94.87%
  77  MF158192.1    0.00%    passed     94.87%
  78  MF158193.1    0.00%    passed     94.87%
  79  MF158194.1    0.00%    passed     94.87%
  80  MF158195.1    0.00%    passed     94.87%
  81  MF158196.1    0.00%    passed     94.87%
  82  MF158197.1    0.00%    passed     94.87%
  83  MF158198.1    0.40%    passed     98.13%
  84  MF158199.1    0.00%    passed     98.26%
****  TOTAL         0.00%  0 sequences failed composition chi2 test (p-value<5%; df=3)
NOTE: KR074157.1 is identical to KR074156.1 but kept for subsequent analysis
NOTE: KR074177.1 is identical to KR074160.1 but kept for subsequent analysis
NOTE: KR074162.1 is identical to KR074161.1 but kept for subsequent analysis
NOTE: KR074167.1 is identical to KR074165.1 but kept for subsequent analysis
NOTE: KR074186.1 is identical to KR074166.1 but kept for subsequent analysis
NOTE: KR074183.1 is identical to KR074174.1 but kept for subsequent analysis
NOTE: KR074181.1 is identical to KR074179.1 but kept for subsequent analysis
NOTE: KY451972.1 is identical to KY451971.1 but kept for subsequent analysis
NOTE: MF158180.1 is identical to MF158178.1 but kept for subsequent analysis
NOTE: MF158186.1 is identical to MF158182.1 but kept for subsequent analysis
NOTE: MF158184.1 is identical to MF158183.1 but kept for subsequent analysis
NOTE: MF158190.1 is identical to MF158189.1 but kept for subsequent analysis
NOTE: 21 identical sequences (see below) will be ignored for subsequent analysis
NOTE: KR074184.1 (identical to KR074160.1) is ignored but added at the end
NOTE: KR074185.1 (identical to KR074161.1) is ignored but added at the end
NOTE: KR074168.1 (identical to KR074165.1) is ignored but added at the end
NOTE: KY451973.1 (identical to KY451971.1) is ignored but added at the end
NOTE: KY451974.1 (identical to KY451971.1) is ignored but added at the end
NOTE: KY451975.1 (identical to KY451971.1) is ignored but added at the end
NOTE: KY451976.1 (identical to KY451971.1) is ignored but added at the end
NOTE: KY451977.1 (identical to KY451971.1) is ignored but added at the end
NOTE: KY451979.1 (identical to KY451971.1) is ignored but added at the end
NOTE: KY451980.1 (identical to KY451971.1) is ignored but added at the end
NOTE: KY451981.1 (identical to KY451971.1) is ignored but added at the end
NOTE: KY451982.1 (identical to KY451971.1) is ignored but added at the end
NOTE: KY451984.1 (identical to KY451971.1) is ignored but added at the end
NOTE: MF158191.1 (identical to KY451971.1) is ignored but added at the end
NOTE: MF158192.1 (identical to KY451971.1) is ignored but added at the end
NOTE: MF158193.1 (identical to KY451971.1) is ignored but added at the end
NOTE: MF158194.1 (identical to KY451971.1) is ignored but added at the end
NOTE: MF158195.1 (identical to KY451971.1) is ignored but added at the end
NOTE: MF158196.1 (identical to KY451971.1) is ignored but added at the end
NOTE: MF158197.1 (identical to KY451971.1) is ignored but added at the end
NOTE: MF158185.1 (identical to MF158183.1) is ignored but added at the end
Alignment was printed to 301.fasta.uniqueseq.phy

For your convenience alignment with unique sequences printed to 301.fasta.uniqueseq.phy

Create initial parsimony tree by phylogenetic likelihood library (PLL)... 0.001 seconds

NOTE: 0 MB RAM (0 GB) is required!
Measuring multi-threading efficiency up to 4 CPU cores
Increase to 10 rounds for branch lengths
328 trees examined
Threads: 1 / Time: 4.012 sec / Speedup: 1.000 / Efficiency: 100% / LogL: -5301
Threads: 2 / Time: 11.573 sec / Speedup: 0.347 / Efficiency: 17% / LogL: -5301
BEST NUMBER OF THREADS: 1

Estimate model parameters (epsilon = 0.100)
Thoroughly optimizing +I+G parameters from 10 start values...
Init pinv, alpha: 0.000, 1.000 / Estimate: 0.000, 0.278 / LogL: -2137.257
Init pinv, alpha: 0.060, 1.000 / Estimate: 0.323, 0.516 / LogL: -2131.429
Init pinv, alpha: 0.121, 1.000 / Estimate: 0.331, 0.529 / LogL: -2131.343
Init pinv, alpha: 0.181, 1.000 / Estimate: 0.332, 0.529 / LogL: -2131.343
Init pinv, alpha: 0.242, 1.000 / Estimate: 0.325, 0.518 / LogL: -2131.431
Init pinv, alpha: 0.302, 1.000 / Estimate: 0.343, 0.551 / LogL: -2131.240
Init pinv, alpha: 0.363, 1.000 / Estimate: 0.377, 0.624 / LogL: -2130.955
Init pinv, alpha: 0.423, 1.000 / Estimate: 0.415, 0.732 / LogL: -2130.795
Init pinv, alpha: 0.484, 1.000 / Estimate: 0.441, 0.826 / LogL: -2130.852
Init pinv, alpha: 0.544, 1.000 / Estimate: 0.446, 0.846 / LogL: -2130.885
Optimal pinv,alpha: 0.415, 0.732 / LogL: -2130.795

Parameters optimization took 0.798 sec
Wrote distance file to... 
Computing ML distances based on estimated model parameters...
Calculating distance matrix: done in 0.00813603 secs using 99.35% CPU
Computing ML distances took 0.008180 sec (of wall-clock time) 0.008108 sec (of CPU time)
Setting up auxiliary I and S matrices: done in 8.89301e-05 secs using 133.8% CPU
Computing RapidNJ tree took 0.000262 sec (of wall-clock time) 0.000389 sec (of CPU time)
Log-likelihood of RapidNJ tree: -2127.494
--------------------------------------------------------------------
|             INITIALIZING CANDIDATE TREE SET                      |
--------------------------------------------------------------------
Generating 98 parsimony trees... 0.184 second
Computing log-likelihood of 98 initial trees ... 0.135 seconds
Current best score: -2122.801

Do NNI search on 20 best initial trees
Estimate model parameters (epsilon = 0.100)
BETTER TREE FOUND at iteration 1: -2118.661
BETTER TREE FOUND at iteration 2: -2118.661
Iteration 10 / LogL: -2121.293 / Time: 0h:0m:17s
Iteration 20 / LogL: -2118.662 / Time: 0h:0m:17s
Finish initializing candidate tree set (20)
Current best tree score: -2118.661 / CPU time: 1.088
Number of iterations: 20
--------------------------------------------------------------------
|               OPTIMIZING CANDIDATE TREE SET                      |
--------------------------------------------------------------------
Iteration 30 / LogL: -2119.064 / Time: 0h:0m:17s (0h:0m:44s left)
Iteration 40 / LogL: -2119.950 / Time: 0h:0m:18s (0h:0m:29s left)
BETTER TREE FOUND at iteration 45: -2118.661
BETTER TREE FOUND at iteration 48: -2118.651
Iteration 50 / LogL: -2119.057 / Time: 0h:0m:19s (0h:0m:38s left)
Iteration 60 / LogL: -2123.004 / Time: 0h:0m:19s (0h:0m:29s left)
Iteration 70 / LogL: -2120.698 / Time: 0h:0m:20s (0h:0m:22s left)
Iteration 80 / LogL: -2118.665 / Time: 0h:0m:20s (0h:0m:17s left)
Iteration 90 / LogL: -2130.741 / Time: 0h:0m:21s (0h:0m:13s left)
Iteration 100 / LogL: -2120.092 / Time: 0h:0m:21s (0h:0m:10s left)
Iteration 110 / LogL: -2132.140 / Time: 0h:0m:21s (0h:0m:7s left)
Iteration 120 / LogL: -2118.654 / Time: 0h:0m:22s (0h:0m:5s left)
Iteration 130 / LogL: -2118.653 / Time: 0h:0m:22s (0h:0m:3s left)
Iteration 140 / LogL: -2118.652 / Time: 0h:0m:23s (0h:0m:1s left)
TREE SEARCH COMPLETED AFTER 149 ITERATIONS / Time: 0h:0m:23s

--------------------------------------------------------------------
|                    FINALIZING TREE SEARCH                        |
--------------------------------------------------------------------
Performs final model parameters optimization
Estimate model parameters (epsilon = 0.010)
1. Initial log-likelihood: -2118.651
Optimal log-likelihood: -2118.650
Rate parameters:  A-C: 1.27376  A-G: 4.02840  A-T: 1.39682  C-G: 0.57634  C-T: 5.65573  G-T: 1.00000
Base frequencies:  A: 0.242  C: 0.244  G: 0.277  T: 0.236
Proportion of invariable sites: 0.417
Gamma shape alpha: 0.701
Parameters optimization took 1 rounds (0.005 sec)
BEST SCORE FOUND : -2118.650
Total tree length: 3.026

Total number of iterations: 149
CPU time used for tree search: 7.348 sec (0h:0m:7s)
Wall-clock time used for tree search: 7.426 sec (0h:0m:7s)
Total CPU time used: 19.346 sec (0h:0m:19s)
Total wall-clock time used: 23.840 sec (0h:0m:23s)

Analysis results written to: 
  IQ-TREE report:                301.fasta.iqtree
  Maximum-likelihood tree:       301.fasta.treefile
  Likelihood distances:          301.fasta.mldist
  Screen log file:               301.fasta.log

Date and Time: Sun Jun 22 19:00:39 2025
