IQ-TREE multicore version 2.4.0 for MacOS ARM 64-bit built Mar  8 2025
Developed by Bui Quang Minh, Nguyen Lam Tung, Olga Chernomor, Heiko Schmidt,
Dominik Schrempf, Michael Woodhams, Ly Trong Nhan, Thomas Wong

Host:    Mac.telekom.ip (SSE4.2, 16 GB RAM)
Command: iqtree2 --quiet -T AUTO -ntmax 4 -s 476.fasta -m GTR+F+I+G4
Seed:    901092 (Using SPRNG - Scalable Parallel Random Number Generator)
Time:    Sun Jun 22 19:03:22 2025
Kernel:  SSE2 - auto-detect threads (12 CPU cores detected)

Reading alignment file 476.fasta ... Fasta format detected
Reading fasta file: done in 0.000223875 secs using 88.89% CPU
Alignment most likely contains DNA/RNA sequences
Alignment has 84 sequences with 166 columns, 102 distinct patterns
86 parsimony-informative, 4 singleton sites, 76 constant sites
            Gap/Ambiguity  Composition  p-value
Analyzing sequences: done in 5.79357e-05 secs using 56.96% CPU
   1  KR074148.1    1.20%    passed     87.60%
   2  KR074149.1    1.20%    passed     72.11%
   3  KR074150.1    1.20%    passed     96.36%
   4  KR074151.1    1.20%    passed     21.08%
   5  KR074152.1    1.20%    passed     28.78%
   6  KR074153.1    1.20%    passed      8.78%
   7  KR074154.1    1.20%    passed     20.53%
   8  KR074155.1    1.20%    passed     91.47%
   9  KR074156.1    1.20%    passed     89.32%
  10  KR074157.1    1.20%    passed     89.32%
  11  KR074158.1    1.20%    passed     90.96%
  12  KR074159.1    1.20%    passed     39.31%
  13  KR074160.1    1.20%    passed     97.89%
  14  KR074161.1    1.20%    passed     89.70%
  15  KR074162.1    1.20%    passed     89.70%
  16  KR074163.1    1.20%    passed     70.47%
  17  KR074164.1    1.20%    passed     53.20%
  18  KR074165.1    1.20%    passed     96.40%
  19  KR074166.1    1.20%    passed     89.33%
  20  KR074167.1    1.20%    passed     96.40%
  21  KR074168.1    1.20%    passed     86.10%
  22  KR074169.1    1.20%    passed     96.40%
  23  KR074170.1    1.20%    passed     65.96%
  24  KR074171.1    1.20%    passed     91.47%
  25  KR074172.1    1.20%    passed     95.06%
  26  KR074173.1    1.20%    passed     86.72%
  27  KR074174.1    1.20%    passed     15.65%
  28  KR074175.1    1.20%    passed     98.61%
  29  KR074176.1    1.20%    passed     94.75%
  30  KR074177.1    1.20%    passed     97.89%
  31  KR074178.1    1.20%    passed     98.17%
  32  KR074179.1    1.20%    passed     74.84%
  33  KR074180.1    1.20%    passed     89.05%
  34  KR074181.1    1.20%    passed     70.47%
  35  KR074182.1    1.20%    passed     93.64%
  36  KR074183.1    1.20%    passed     15.65%
  37  KR074184.1   22.29%    passed     90.55%
  38  KR074185.1   22.29%    passed     99.44%
  39  KR074186.1    1.20%    passed     96.40%
  40  KR074187.1    1.20%    passed     96.40%
  41  KR074188.1    1.20%    passed     86.51%
  42  KR074189.1    1.20%    passed     81.99%
  43  KR074190.1    3.61%    passed     79.76%
  44  KR074191.1    1.20%    passed     89.70%
  45  KY451971.1    5.42%    passed     90.68%
  46  KY451972.1    5.42%    passed     90.68%
  47  KY451973.1    5.42%    passed     90.68%
  48  KY451974.1    5.42%    passed     90.68%
  49  KY451975.1    5.42%    passed     90.68%
  50  KY451976.1    5.42%    passed     90.68%
  51  KY451977.1    5.42%    passed     90.68%
  52  KY451978.1    5.42%    passed     96.30%
  53  KY451979.1    5.42%    passed     90.68%
  54  KY451980.1    5.42%    passed     90.68%
  55  KY451981.1    5.42%    passed     90.68%
  56  KY451982.1    5.42%    passed     90.68%
  57  KY451983.1    5.42%    passed     90.68%
  58  KY451984.1    5.42%    passed     90.68%
  59  KY451985.1    5.42%    passed     90.68%
  60  KY451986.1    5.42%    passed     90.68%
  61  KY451987.1    5.42%    passed     90.68%
  62  MF158177.1    0.00%    passed     78.01%
  63  MF158178.1    0.00%    passed     83.46%
  64  MF158179.1    0.00%    passed     83.06%
  65  MF158180.1    0.00%    passed     97.01%
  66  MF158181.1    0.00%    passed     75.25%
  67  MF158182.1    0.00%    passed     82.67%
  68  MF158183.1    0.00%    passed     82.67%
  69  MF158184.1    0.00%    passed     82.67%
  70  MF158185.1    0.00%    passed     89.12%
  71  MF158186.1    0.00%    passed     89.83%
  72  MF158187.1    0.00%    passed     99.16%
  73  MF158188.1    0.00%    passed     63.84%
  74  MF158189.1    0.00%    passed     69.96%
  75  MF158190.1    0.00%    passed     73.29%
  76  MF158191.1    0.00%    passed     85.95%
  77  MF158192.1    0.00%    passed     85.95%
  78  MF158193.1    0.00%    passed     85.95%
  79  MF158194.1    0.00%    passed     85.95%
  80  MF158195.1    0.00%    passed     85.95%
  81  MF158196.1    0.00%    passed     85.95%
  82  MF158197.1    0.00%    passed     85.95%
  83  MF158198.1    0.60%    passed     87.52%
  84  MF158199.1    0.00%    passed     78.48%
****  TOTAL         2.27%  0 sequences failed composition chi2 test (p-value<5%; df=3)
NOTE: KR074171.1 is identical to KR074155.1 but kept for subsequent analysis
NOTE: KR074157.1 is identical to KR074156.1 but kept for subsequent analysis
NOTE: KR074177.1 is identical to KR074160.1 but kept for subsequent analysis
NOTE: KR074162.1 is identical to KR074161.1 but kept for subsequent analysis
NOTE: KR074167.1 is identical to KR074165.1 but kept for subsequent analysis
NOTE: KR074183.1 is identical to KR074174.1 but kept for subsequent analysis
NOTE: KY451972.1 is identical to KY451971.1 but kept for subsequent analysis
NOTE: MF158183.1 is identical to MF158182.1 but kept for subsequent analysis
NOTE: MF158192.1 is identical to MF158191.1 but kept for subsequent analysis
NOTE: 23 identical sequences (see below) will be ignored for subsequent analysis
NOTE: KR074191.1 (identical to KR074161.1) is ignored but added at the end
NOTE: KR074169.1 (identical to KR074165.1) is ignored but added at the end
NOTE: KR074186.1 (identical to KR074165.1) is ignored but added at the end
NOTE: KY451973.1 (identical to KY451971.1) is ignored but added at the end
NOTE: KY451974.1 (identical to KY451971.1) is ignored but added at the end
NOTE: KY451975.1 (identical to KY451971.1) is ignored but added at the end
NOTE: KY451976.1 (identical to KY451971.1) is ignored but added at the end
NOTE: KY451977.1 (identical to KY451971.1) is ignored but added at the end
NOTE: KY451979.1 (identical to KY451971.1) is ignored but added at the end
NOTE: KY451980.1 (identical to KY451971.1) is ignored but added at the end
NOTE: KY451981.1 (identical to KY451971.1) is ignored but added at the end
NOTE: KY451982.1 (identical to KY451971.1) is ignored but added at the end
NOTE: KY451983.1 (identical to KY451971.1) is ignored but added at the end
NOTE: KY451984.1 (identical to KY451971.1) is ignored but added at the end
NOTE: KY451985.1 (identical to KY451971.1) is ignored but added at the end
NOTE: KY451986.1 (identical to KY451971.1) is ignored but added at the end
NOTE: KY451987.1 (identical to KY451971.1) is ignored but added at the end
NOTE: MF158184.1 (identical to MF158182.1) is ignored but added at the end
NOTE: MF158193.1 (identical to MF158191.1) is ignored but added at the end
NOTE: MF158194.1 (identical to MF158191.1) is ignored but added at the end
NOTE: MF158195.1 (identical to MF158191.1) is ignored but added at the end
NOTE: MF158196.1 (identical to MF158191.1) is ignored but added at the end
NOTE: MF158197.1 (identical to MF158191.1) is ignored but added at the end
Alignment was printed to 476.fasta.uniqueseq.phy

For your convenience alignment with unique sequences printed to 476.fasta.uniqueseq.phy

Create initial parsimony tree by phylogenetic likelihood library (PLL)... 0.002 seconds

NOTE: 0 MB RAM (0 GB) is required!
Measuring multi-threading efficiency up to 4 CPU cores
Increase to 10 rounds for branch lengths
351 trees examined
Threads: 1 / Time: 4.010 sec / Speedup: 1.000 / Efficiency: 100% / LogL: -4634
Threads: 2 / Time: 11.549 sec / Speedup: 0.347 / Efficiency: 17% / LogL: -4634
BEST NUMBER OF THREADS: 1

Estimate model parameters (epsilon = 0.100)
Thoroughly optimizing +I+G parameters from 10 start values...
Init pinv, alpha: 0.000, 1.000 / Estimate: 0.000, 0.309 / LogL: -1865.543
Init pinv, alpha: 0.051, 1.000 / Estimate: 0.378, 0.872 / LogL: -1858.730
Init pinv, alpha: 0.102, 1.000 / Estimate: 0.378, 0.873 / LogL: -1858.735
Init pinv, alpha: 0.153, 1.000 / Estimate: 0.377, 0.868 / LogL: -1858.746
Init pinv, alpha: 0.203, 1.000 / Estimate: 0.375, 0.857 / LogL: -1858.767
Init pinv, alpha: 0.254, 1.000 / Estimate: 0.375, 0.858 / LogL: -1858.769
Init pinv, alpha: 0.305, 1.000 / Estimate: 0.380, 0.887 / LogL: -1858.726
Init pinv, alpha: 0.356, 1.000 / Estimate: 0.385, 0.912 / LogL: -1858.704
Init pinv, alpha: 0.407, 1.000 / Estimate: 0.396, 0.985 / LogL: -1858.659
Init pinv, alpha: 0.458, 1.000 / Estimate: 0.404, 1.041 / LogL: -1858.659
Optimal pinv,alpha: 0.404, 1.041 / LogL: -1858.659

Parameters optimization took 0.825 sec
Wrote distance file to... 
Computing ML distances based on estimated model parameters...
Calculating distance matrix: done in 0.00624084 secs using 97.15% CPU
Computing ML distances took 0.006272 sec (of wall-clock time) 0.006083 sec (of CPU time)
Setting up auxiliary I and S matrices: done in 7.20024e-05 secs using 136.1% CPU
Computing RapidNJ tree took 0.000219 sec (of wall-clock time) 0.000343 sec (of CPU time)
Log-likelihood of RapidNJ tree: -1881.418
--------------------------------------------------------------------
|             INITIALIZING CANDIDATE TREE SET                      |
--------------------------------------------------------------------
Generating 98 parsimony trees... 0.183 second
Computing log-likelihood of 98 initial trees ... 0.124 seconds
Current best score: -1849.896

Do NNI search on 20 best initial trees
Estimate model parameters (epsilon = 0.100)
BETTER TREE FOUND at iteration 1: -1845.613
Estimate model parameters (epsilon = 0.100)
BETTER TREE FOUND at iteration 2: -1844.522
Iteration 10 / LogL: -1846.718 / Time: 0h:0m:17s
Iteration 20 / LogL: -1847.755 / Time: 0h:0m:17s
Finish initializing candidate tree set (19)
Current best tree score: -1844.522 / CPU time: 1.037
Number of iterations: 20
--------------------------------------------------------------------
|               OPTIMIZING CANDIDATE TREE SET                      |
--------------------------------------------------------------------
Estimate model parameters (epsilon = 0.100)
BETTER TREE FOUND at iteration 22: -1844.488
Iteration 30 / LogL: -1859.236 / Time: 0h:0m:17s (0h:0m:56s left)
Estimate model parameters (epsilon = 0.100)
BETTER TREE FOUND at iteration 37: -1844.462
Iteration 40 / LogL: -1844.463 / Time: 0h:0m:18s (0h:0m:45s left)
Estimate model parameters (epsilon = 0.100)
BETTER TREE FOUND at iteration 49: -1844.438
Iteration 50 / LogL: -1847.931 / Time: 0h:0m:18s (0h:0m:38s left)
Iteration 60 / LogL: -1852.573 / Time: 0h:0m:19s (0h:0m:29s left)
Iteration 70 / LogL: -1854.209 / Time: 0h:0m:19s (0h:0m:22s left)
Iteration 80 / LogL: -1844.761 / Time: 0h:0m:20s (0h:0m:17s left)
Estimate model parameters (epsilon = 0.100)
BETTER TREE FOUND at iteration 87: -1844.413
Iteration 90 / LogL: -1859.605 / Time: 0h:0m:20s (0h:0m:22s left)
Iteration 100 / LogL: -1845.886 / Time: 0h:0m:21s (0h:0m:18s left)
Iteration 110 / LogL: -1868.199 / Time: 0h:0m:21s (0h:0m:15s left)
Iteration 120 / LogL: -1846.528 / Time: 0h:0m:21s (0h:0m:12s left)
Iteration 130 / LogL: -1844.415 / Time: 0h:0m:22s (0h:0m:9s left)
Iteration 140 / LogL: -1844.415 / Time: 0h:0m:22s (0h:0m:7s left)
Iteration 150 / LogL: -1844.420 / Time: 0h:0m:23s (0h:0m:5s left)
Iteration 160 / LogL: -1844.780 / Time: 0h:0m:23s (0h:0m:3s left)
Iteration 170 / LogL: -1844.458 / Time: 0h:0m:23s (0h:0m:2s left)
Iteration 180 / LogL: -1844.413 / Time: 0h:0m:24s (0h:0m:0s left)
TREE SEARCH COMPLETED AFTER 188 ITERATIONS / Time: 0h:0m:24s

--------------------------------------------------------------------
|                    FINALIZING TREE SEARCH                        |
--------------------------------------------------------------------
Performs final model parameters optimization
Estimate model parameters (epsilon = 0.010)
1. Initial log-likelihood: -1844.413
Optimal log-likelihood: -1844.412
Rate parameters:  A-C: 1.04095  A-G: 4.09785  A-T: 0.80828  C-G: 0.14171  C-T: 5.20335  G-T: 1.00000
Base frequencies:  A: 0.283  C: 0.238  G: 0.211  T: 0.267
Proportion of invariable sites: 0.389
Gamma shape alpha: 0.954
Parameters optimization took 1 rounds (0.005 sec)
BEST SCORE FOUND : -1844.412
Total tree length: 4.486

Total number of iterations: 188
CPU time used for tree search: 8.239 sec (0h:0m:8s)
Wall-clock time used for tree search: 8.334 sec (0h:0m:8s)
Total CPU time used: 20.370 sec (0h:0m:20s)
Total wall-clock time used: 24.755 sec (0h:0m:24s)

Analysis results written to: 
  IQ-TREE report:                476.fasta.iqtree
  Maximum-likelihood tree:       476.fasta.treefile
  Likelihood distances:          476.fasta.mldist
  Screen log file:               476.fasta.log

Date and Time: Sun Jun 22 19:03:47 2025
