IQ-TREE multicore version 2.4.0 for MacOS ARM 64-bit built Mar  8 2025
Developed by Bui Quang Minh, Nguyen Lam Tung, Olga Chernomor, Heiko Schmidt,
Dominik Schrempf, Michael Woodhams, Ly Trong Nhan, Thomas Wong

Host:    Mac.telekom.ip (SSE4.2, 16 GB RAM)
Command: iqtree2 --quiet -T AUTO -ntmax 4 -s 451.fasta -m GTR+F+I+G4
Seed:    213604 (Using SPRNG - Scalable Parallel Random Number Generator)
Time:    Sun Jun 22 19:03:16 2025
Kernel:  SSE2 - auto-detect threads (12 CPU cores detected)

Reading alignment file 451.fasta ... Fasta format detected
Reading fasta file: done in 0.000221968 secs using 88.3% CPU
Alignment most likely contains DNA/RNA sequences
Alignment has 84 sequences with 191 columns, 116 distinct patterns
99 parsimony-informative, 5 singleton sites, 87 constant sites
            Gap/Ambiguity  Composition  p-value
Analyzing sequences: done in 0.000102997 secs using 40.78% CPU
   1  KR074148.1    1.05%    passed     86.31%
   2  KR074149.1    1.05%    passed     75.67%
   3  KR074150.1    1.05%    passed     94.28%
   4  KR074151.1    1.05%    passed     40.81%
   5  KR074152.1    1.05%    passed     50.83%
   6  KR074153.1    1.05%    passed     17.72%
   7  KR074154.1    1.05%    passed     45.42%
   8  KR074155.1    1.05%    passed     98.14%
   9  KR074156.1    1.05%    passed     96.24%
  10  KR074157.1    1.05%    passed     96.24%
  11  KR074158.1    1.05%    passed     95.32%
  12  KR074159.1    1.05%    passed     64.47%
  13  KR074160.1    1.05%    passed     98.42%
  14  KR074161.1    1.05%    passed     78.95%
  15  KR074162.1    1.05%    passed     78.95%
  16  KR074163.1    1.05%    passed     72.55%
  17  KR074164.1    1.05%    passed     59.17%
  18  KR074165.1    1.05%    passed     95.67%
  19  KR074166.1    1.05%    passed     91.48%
  20  KR074167.1    1.05%    passed     95.67%
  21  KR074168.1    1.05%    passed     89.16%
  22  KR074169.1    1.05%    passed     91.26%
  23  KR074170.1    1.05%    passed     74.90%
  24  KR074171.1    1.05%    passed     99.09%
  25  KR074172.1    1.05%    passed     96.24%
  26  KR074173.1    1.05%    passed     87.26%
  27  KR074174.1    1.05%    passed     20.99%
  28  KR074175.1    1.05%    passed     98.13%
  29  KR074176.1    1.05%    passed     95.67%
  30  KR074177.1    1.05%    passed     98.42%
  31  KR074178.1    1.05%    passed     98.09%
  32  KR074179.1    1.05%    passed     76.81%
  33  KR074180.1    1.05%    passed     91.48%
  34  KR074181.1    1.05%    passed     72.55%
  35  KR074182.1    1.05%    passed     91.26%
  36  KR074183.1    1.05%    passed     20.99%
  37  KR074184.1   19.37%    passed     91.71%
  38  KR074185.1   19.37%    passed     94.87%
  39  KR074186.1    1.05%    passed     97.71%
  40  KR074187.1    1.05%    passed     95.67%
  41  KR074188.1    1.05%    passed     88.11%
  42  KR074189.1    1.05%    passed     83.06%
  43  KR074190.1    3.14%    passed     79.20%
  44  KR074191.1    1.05%    passed     86.83%
  45  KY451971.1    4.71%    passed     96.13%
  46  KY451972.1    4.71%    passed     96.13%
  47  KY451973.1    4.71%    passed     96.13%
  48  KY451974.1    4.71%    passed     96.13%
  49  KY451975.1    4.71%    passed     96.13%
  50  KY451976.1    4.71%    passed     96.13%
  51  KY451977.1    4.71%    passed     96.13%
  52  KY451978.1    4.71%    passed     98.37%
  53  KY451979.1    4.71%    passed     96.13%
  54  KY451980.1    4.71%    passed     96.13%
  55  KY451981.1    4.71%    passed     96.13%
  56  KY451982.1    4.71%    passed     96.13%
  57  KY451983.1    4.71%    passed     96.13%
  58  KY451984.1    4.71%    passed     96.13%
  59  KY451985.1    4.71%    passed     96.13%
  60  KY451986.1    4.71%    passed     96.13%
  61  KY451987.1    4.71%    passed     96.13%
  62  MF158177.1    0.00%    passed     81.66%
  63  MF158178.1    0.00%    passed     83.29%
  64  MF158179.1    0.00%    passed     83.63%
  65  MF158180.1    0.00%    passed     96.24%
  66  MF158181.1    0.00%    passed     80.14%
  67  MF158182.1    0.00%    passed     86.15%
  68  MF158183.1    0.00%    passed     86.15%
  69  MF158184.1    0.00%    passed     86.15%
  70  MF158185.1    0.00%    passed     91.79%
  71  MF158186.1    0.00%    passed     91.14%
  72  MF158187.1    0.00%    passed     96.97%
  73  MF158188.1    0.00%    passed     73.67%
  74  MF158189.1    0.00%    passed     81.10%
  75  MF158190.1    0.00%    passed     78.48%
  76  MF158191.1    0.00%    passed     95.12%
  77  MF158192.1    0.00%    passed     95.12%
  78  MF158193.1    0.00%    passed     95.12%
  79  MF158194.1    0.00%    passed     95.12%
  80  MF158195.1    0.00%    passed     95.12%
  81  MF158196.1    0.00%    passed     95.12%
  82  MF158197.1    0.00%    passed     95.12%
  83  MF158198.1    0.52%    passed     95.96%
  84  MF158199.1    0.00%    passed     75.36%
****  TOTAL         1.97%  0 sequences failed composition chi2 test (p-value<5%; df=3)
NOTE: KR074157.1 is identical to KR074156.1 but kept for subsequent analysis
NOTE: KR074177.1 is identical to KR074160.1 but kept for subsequent analysis
NOTE: KR074162.1 is identical to KR074161.1 but kept for subsequent analysis
NOTE: KR074167.1 is identical to KR074165.1 but kept for subsequent analysis
NOTE: KR074183.1 is identical to KR074174.1 but kept for subsequent analysis
NOTE: KY451972.1 is identical to KY451971.1 but kept for subsequent analysis
NOTE: MF158183.1 is identical to MF158182.1 but kept for subsequent analysis
NOTE: MF158192.1 is identical to MF158191.1 but kept for subsequent analysis
NOTE: 20 identical sequences (see below) will be ignored for subsequent analysis
NOTE: KY451973.1 (identical to KY451971.1) is ignored but added at the end
NOTE: KY451974.1 (identical to KY451971.1) is ignored but added at the end
NOTE: KY451975.1 (identical to KY451971.1) is ignored but added at the end
NOTE: KY451976.1 (identical to KY451971.1) is ignored but added at the end
NOTE: KY451977.1 (identical to KY451971.1) is ignored but added at the end
NOTE: KY451979.1 (identical to KY451971.1) is ignored but added at the end
NOTE: KY451980.1 (identical to KY451971.1) is ignored but added at the end
NOTE: KY451981.1 (identical to KY451971.1) is ignored but added at the end
NOTE: KY451982.1 (identical to KY451971.1) is ignored but added at the end
NOTE: KY451983.1 (identical to KY451971.1) is ignored but added at the end
NOTE: KY451984.1 (identical to KY451971.1) is ignored but added at the end
NOTE: KY451985.1 (identical to KY451971.1) is ignored but added at the end
NOTE: KY451986.1 (identical to KY451971.1) is ignored but added at the end
NOTE: KY451987.1 (identical to KY451971.1) is ignored but added at the end
NOTE: MF158184.1 (identical to MF158182.1) is ignored but added at the end
NOTE: MF158193.1 (identical to MF158191.1) is ignored but added at the end
NOTE: MF158194.1 (identical to MF158191.1) is ignored but added at the end
NOTE: MF158195.1 (identical to MF158191.1) is ignored but added at the end
NOTE: MF158196.1 (identical to MF158191.1) is ignored but added at the end
NOTE: MF158197.1 (identical to MF158191.1) is ignored but added at the end
Alignment was printed to 451.fasta.uniqueseq.phy

For your convenience alignment with unique sequences printed to 451.fasta.uniqueseq.phy

Create initial parsimony tree by phylogenetic likelihood library (PLL)... 0.001 seconds

NOTE: 0 MB RAM (0 GB) is required!
Measuring multi-threading efficiency up to 4 CPU cores
Increase to 10 rounds for branch lengths
360 trees examined
Threads: 1 / Time: 4.002 sec / Speedup: 1.000 / Efficiency: 100% / LogL: -5344
Threads: 2 / Time: 12.250 sec / Speedup: 0.327 / Efficiency: 16% / LogL: -5344
BEST NUMBER OF THREADS: 1

Estimate model parameters (epsilon = 0.100)
Thoroughly optimizing +I+G parameters from 10 start values...
Init pinv, alpha: 0.000, 1.000 / Estimate: 0.000, 0.296 / LogL: -2208.025
Init pinv, alpha: 0.051, 1.000 / Estimate: 0.310, 0.608 / LogL: -2203.069
Init pinv, alpha: 0.101, 1.000 / Estimate: 0.310, 0.609 / LogL: -2203.059
Init pinv, alpha: 0.152, 1.000 / Estimate: 0.309, 0.607 / LogL: -2203.058
Init pinv, alpha: 0.202, 1.000 / Estimate: 0.313, 0.618 / LogL: -2203.009
Init pinv, alpha: 0.253, 1.000 / Estimate: 0.326, 0.651 / LogL: -2202.917
Init pinv, alpha: 0.304, 1.000 / Estimate: 0.338, 0.689 / LogL: -2202.853
Init pinv, alpha: 0.354, 1.000 / Estimate: 0.362, 0.777 / LogL: -2202.727
Init pinv, alpha: 0.405, 1.000 / Estimate: 0.381, 0.866 / LogL: -2202.701
Init pinv, alpha: 0.455, 1.000 / Estimate: 0.392, 0.921 / LogL: -2202.740
Optimal pinv,alpha: 0.381, 0.866 / LogL: -2202.701

Parameters optimization took 1.066 sec
Wrote distance file to... 
Computing ML distances based on estimated model parameters...
Calculating distance matrix: done in 0.00723791 secs using 99.35% CPU
Computing ML distances took 0.007288 sec (of wall-clock time) 0.007220 sec (of CPU time)
Setting up auxiliary I and S matrices: done in 7.70092e-05 secs using 123.4% CPU
Computing RapidNJ tree took 0.000233 sec (of wall-clock time) 0.000356 sec (of CPU time)
Log-likelihood of RapidNJ tree: -2230.434
--------------------------------------------------------------------
|             INITIALIZING CANDIDATE TREE SET                      |
--------------------------------------------------------------------
Generating 98 parsimony trees... 0.213 second
Computing log-likelihood of 98 initial trees ... 0.160 seconds
Current best score: -2196.115

Do NNI search on 20 best initial trees
Estimate model parameters (epsilon = 0.100)
BETTER TREE FOUND at iteration 1: -2191.733
Estimate model parameters (epsilon = 0.100)
BETTER TREE FOUND at iteration 2: -2190.398
Estimate model parameters (epsilon = 0.100)
BETTER TREE FOUND at iteration 6: -2190.124
Iteration 10 / LogL: -2193.238 / Time: 0h:0m:18s
Iteration 20 / LogL: -2190.926 / Time: 0h:0m:18s
Finish initializing candidate tree set (19)
Current best tree score: -2190.124 / CPU time: 1.246
Number of iterations: 20
--------------------------------------------------------------------
|               OPTIMIZING CANDIDATE TREE SET                      |
--------------------------------------------------------------------
Iteration 30 / LogL: -2190.223 / Time: 0h:0m:19s (0h:0m:50s left)
Estimate model parameters (epsilon = 0.100)
BETTER TREE FOUND at iteration 36: -2190.032
Iteration 40 / LogL: -2197.336 / Time: 0h:0m:19s (0h:0m:48s left)
Iteration 50 / LogL: -2190.035 / Time: 0h:0m:20s (0h:0m:35s left)
BETTER TREE FOUND at iteration 60: -2190.024
Iteration 60 / LogL: -2190.024 / Time: 0h:0m:20s (0h:0m:35s left)
Iteration 70 / LogL: -2190.334 / Time: 0h:0m:21s (0h:0m:28s left)
Iteration 80 / LogL: -2190.047 / Time: 0h:0m:22s (0h:0m:22s left)
UPDATE BEST LOG-LIKELIHOOD: -2190.023
Iteration 90 / LogL: -2190.037 / Time: 0h:0m:22s (0h:0m:17s left)
Iteration 100 / LogL: -2190.135 / Time: 0h:0m:23s (0h:0m:14s left)
Iteration 110 / LogL: -2190.062 / Time: 0h:0m:23s (0h:0m:10s left)
Estimate model parameters (epsilon = 0.100)
BETTER TREE FOUND at iteration 117: -2189.802
Iteration 120 / LogL: -2215.198 / Time: 0h:0m:24s (0h:0m:19s left)
Iteration 130 / LogL: -2191.587 / Time: 0h:0m:24s (0h:0m:16s left)
Iteration 140 / LogL: -2218.969 / Time: 0h:0m:25s (0h:0m:13s left)
Iteration 150 / LogL: -2190.045 / Time: 0h:0m:25s (0h:0m:11s left)
Iteration 160 / LogL: -2190.305 / Time: 0h:0m:26s (0h:0m:9s left)
Iteration 170 / LogL: -2198.059 / Time: 0h:0m:26s (0h:0m:7s left)
Estimate model parameters (epsilon = 0.100)
BETTER TREE FOUND at iteration 171: -2189.791
Iteration 180 / LogL: -2190.164 / Time: 0h:0m:27s (0h:0m:13s left)
Iteration 190 / LogL: -2189.798 / Time: 0h:0m:27s (0h:0m:11s left)
Iteration 200 / LogL: -2194.575 / Time: 0h:0m:28s (0h:0m:10s left)
Iteration 210 / LogL: -2190.694 / Time: 0h:0m:28s (0h:0m:8s left)
UPDATE BEST LOG-LIKELIHOOD: -2189.790
Iteration 220 / LogL: -2191.410 / Time: 0h:0m:28s (0h:0m:6s left)
Iteration 230 / LogL: -2190.022 / Time: 0h:0m:29s (0h:0m:5s left)
Iteration 240 / LogL: -2189.791 / Time: 0h:0m:29s (0h:0m:3s left)
Iteration 250 / LogL: -2191.727 / Time: 0h:0m:30s (0h:0m:2s left)
Iteration 260 / LogL: -2189.790 / Time: 0h:0m:30s (0h:0m:1s left)
Iteration 270 / LogL: -2189.829 / Time: 0h:0m:31s (0h:0m:0s left)
TREE SEARCH COMPLETED AFTER 272 ITERATIONS / Time: 0h:0m:31s

--------------------------------------------------------------------
|                    FINALIZING TREE SEARCH                        |
--------------------------------------------------------------------
Performs final model parameters optimization
Estimate model parameters (epsilon = 0.010)
1. Initial log-likelihood: -2189.790
2. Current log-likelihood: -2189.779
Optimal log-likelihood: -2189.777
Rate parameters:  A-C: 1.06507  A-G: 3.72779  A-T: 1.03949  C-G: 0.19992  C-T: 5.00996  G-T: 1.00000
Base frequencies:  A: 0.261  C: 0.249  G: 0.227  T: 0.262
Proportion of invariable sites: 0.374
Gamma shape alpha: 0.858
Parameters optimization took 2 rounds (0.013 sec)
BEST SCORE FOUND : -2189.777
Total tree length: 4.654

Total number of iterations: 272
CPU time used for tree search: 13.813 sec (0h:0m:13s)
Wall-clock time used for tree search: 13.973 sec (0h:0m:13s)
Total CPU time used: 27.148 sec (0h:0m:27s)
Total wall-clock time used: 31.343 sec (0h:0m:31s)

Analysis results written to: 
  IQ-TREE report:                451.fasta.iqtree
  Maximum-likelihood tree:       451.fasta.treefile
  Likelihood distances:          451.fasta.mldist
  Screen log file:               451.fasta.log

Date and Time: Sun Jun 22 19:03:47 2025
