IQ-TREE multicore version 2.4.0 for MacOS ARM 64-bit built Mar  8 2025
Developed by Bui Quang Minh, Nguyen Lam Tung, Olga Chernomor, Heiko Schmidt,
Dominik Schrempf, Michael Woodhams, Ly Trong Nhan, Thomas Wong

Host:    Mac.telekom.ip (SSE4.2, 16 GB RAM)
Command: iqtree2 --quiet -T AUTO -ntmax 4 -s 176.fasta -m GTR+F+I+G4
Seed:    767690 (Using SPRNG - Scalable Parallel Random Number Generator)
Time:    Sun Jun 22 19:01:03 2025
Kernel:  SSE2 - auto-detect threads (12 CPU cores detected)

Reading alignment file 176.fasta ... Fasta format detected
Reading fasta file: done in 0.000273228 secs using 87.11% CPU
Alignment most likely contains DNA/RNA sequences
Alignment has 84 sequences with 250 columns, 113 distinct patterns
103 parsimony-informative, 3 singleton sites, 144 constant sites
            Gap/Ambiguity  Composition  p-value
Analyzing sequences: done in 6.19888e-05 secs using 56.46% CPU
   1  KR074148.1    0.00%    passed     93.26%
   2  KR074149.1    0.00%    passed     97.36%
   3  KR074150.1    0.00%    passed     98.53%
   4  KR074151.1    0.00%    passed     85.40%
   5  KR074152.1    0.00%    passed     86.12%
   6  KR074153.1    0.00%    passed     81.85%
   7  KR074154.1    0.00%    passed     44.31%
   8  KR074155.1    0.00%    passed     95.83%
   9  KR074156.1    0.00%    passed     92.31%
  10  KR074157.1    0.00%    passed     92.31%
  11  KR074158.1    0.00%    passed     97.41%
  12  KR074159.1    0.00%    passed     93.04%
  13  KR074160.1    0.00%    passed     91.64%
  14  KR074161.1    0.00%    passed     99.62%
  15  KR074162.1    0.00%    passed     99.62%
  16  KR074163.1    0.00%    passed     91.16%
  17  KR074164.1    0.00%    passed     88.41%
  18  KR074165.1    0.00%    passed     73.16%
  19  KR074166.1    0.00%    passed     73.16%
  20  KR074167.1    0.00%    passed     73.16%
  21  KR074168.1    0.00%    passed     73.16%
  22  KR074169.1    0.00%    passed     73.16%
  23  KR074170.1    0.00%    passed     96.16%
  24  KR074171.1    0.00%    passed     95.83%
  25  KR074172.1    0.00%    passed     91.64%
  26  KR074173.1    0.00%    passed     91.64%
  27  KR074174.1    0.00%    passed     48.58%
  28  KR074175.1    0.00%    passed     90.59%
  29  KR074176.1    0.00%    passed     82.69%
  30  KR074177.1    0.00%    passed     91.64%
  31  KR074178.1    0.00%    passed     91.64%
  32  KR074179.1    0.00%    passed     91.16%
  33  KR074180.1    0.00%    passed     83.35%
  34  KR074181.1    0.00%    passed     91.16%
  35  KR074182.1    0.00%    passed     74.24%
  36  KR074183.1    0.00%    passed     48.58%
  37  KR074184.1    0.00%    passed     91.64%
  38  KR074185.1    0.00%    passed     99.62%
  39  KR074186.1   10.80%    passed     95.57%
  40  KR074187.1   10.80%    passed     95.57%
  41  KR074188.1    0.00%    passed     34.30%
  42  KR074189.1    0.00%    passed     40.72%
  43  KR074190.1    0.00%    passed     99.92%
  44  KR074191.1    0.00%    passed     99.62%
  45  KY451971.1    0.00%    passed     96.93%
  46  KY451972.1    0.00%    passed     96.93%
  47  KY451973.1    0.00%    passed     96.93%
  48  KY451974.1    0.00%    passed     96.93%
  49  KY451975.1    0.00%    passed     96.93%
  50  KY451976.1    0.00%    passed     96.93%
  51  KY451977.1    0.00%    passed     96.93%
  52  KY451978.1    0.00%    passed     98.36%
  53  KY451979.1    0.00%    passed     96.93%
  54  KY451980.1    0.00%    passed     96.93%
  55  KY451981.1    0.00%    passed     96.93%
  56  KY451982.1    0.00%    passed     96.93%
  57  KY451983.1    0.00%    passed     96.26%
  58  KY451984.1    0.00%    passed     96.93%
  59  KY451985.1    0.00%    passed     96.93%
  60  KY451986.1    0.00%    passed     96.61%
  61  KY451987.1    0.00%    passed     98.70%
  62  MF158177.1    0.00%    passed     79.06%
  63  MF158178.1    0.00%    passed     95.10%
  64  MF158179.1    0.00%    passed     95.10%
  65  MF158180.1    0.00%    passed     95.10%
  66  MF158181.1    0.00%    passed     89.97%
  67  MF158182.1    0.00%    passed     89.97%
  68  MF158183.1    0.00%    passed     95.10%
  69  MF158184.1    0.00%    passed     95.10%
  70  MF158185.1    0.00%    passed     95.10%
  71  MF158186.1    0.00%    passed     89.97%
  72  MF158187.1    0.00%    passed     99.38%
  73  MF158188.1    0.00%    passed     88.96%
  74  MF158189.1    0.00%    passed     82.26%
  75  MF158190.1    0.00%    passed     82.26%
  76  MF158191.1    0.00%    passed     96.93%
  77  MF158192.1    0.00%    passed     96.93%
  78  MF158193.1    0.00%    passed     96.93%
  79  MF158194.1    0.00%    passed     96.93%
  80  MF158195.1    0.00%    passed     96.93%
  81  MF158196.1    0.00%    passed     96.93%
  82  MF158197.1    0.00%    passed     96.93%
  83  MF158198.1    0.00%    passed     96.35%
  84  MF158199.1    0.40%    passed     97.43%
****  TOTAL         0.26%  0 sequences failed composition chi2 test (p-value<5%; df=3)
NOTE: KR074171.1 is identical to KR074155.1 but kept for subsequent analysis
NOTE: KR074157.1 is identical to KR074156.1 but kept for subsequent analysis
NOTE: KR074173.1 is identical to KR074160.1 but kept for subsequent analysis
NOTE: KR074162.1 is identical to KR074161.1 but kept for subsequent analysis
NOTE: KR074179.1 is identical to KR074163.1 but kept for subsequent analysis
NOTE: KR074166.1 is identical to KR074165.1 but kept for subsequent analysis
NOTE: KR074184.1 is identical to KR074172.1 but kept for subsequent analysis
NOTE: KR074183.1 is identical to KR074174.1 but kept for subsequent analysis
NOTE: KR074187.1 is identical to KR074186.1 but kept for subsequent analysis
NOTE: KY451972.1 is identical to KY451971.1 but kept for subsequent analysis
NOTE: MF158179.1 is identical to MF158178.1 but kept for subsequent analysis
NOTE: MF158182.1 is identical to MF158181.1 but kept for subsequent analysis
NOTE: MF158184.1 is identical to MF158183.1 but kept for subsequent analysis
NOTE: MF158190.1 is identical to MF158189.1 but kept for subsequent analysis
NOTE: 28 identical sequences (see below) will be ignored for subsequent analysis
NOTE: KR074177.1 (identical to KR074160.1) is ignored but added at the end
NOTE: KR074178.1 (identical to KR074160.1) is ignored but added at the end
NOTE: KR074185.1 (identical to KR074161.1) is ignored but added at the end
NOTE: KR074191.1 (identical to KR074161.1) is ignored but added at the end
NOTE: KR074181.1 (identical to KR074163.1) is ignored but added at the end
NOTE: KR074167.1 (identical to KR074165.1) is ignored but added at the end
NOTE: KR074168.1 (identical to KR074165.1) is ignored but added at the end
NOTE: KR074169.1 (identical to KR074165.1) is ignored but added at the end
NOTE: KY451973.1 (identical to KY451971.1) is ignored but added at the end
NOTE: KY451974.1 (identical to KY451971.1) is ignored but added at the end
NOTE: KY451975.1 (identical to KY451971.1) is ignored but added at the end
NOTE: KY451976.1 (identical to KY451971.1) is ignored but added at the end
NOTE: KY451977.1 (identical to KY451971.1) is ignored but added at the end
NOTE: KY451979.1 (identical to KY451971.1) is ignored but added at the end
NOTE: KY451980.1 (identical to KY451971.1) is ignored but added at the end
NOTE: KY451981.1 (identical to KY451971.1) is ignored but added at the end
NOTE: KY451982.1 (identical to KY451971.1) is ignored but added at the end
NOTE: KY451984.1 (identical to KY451971.1) is ignored but added at the end
NOTE: MF158191.1 (identical to KY451971.1) is ignored but added at the end
NOTE: MF158192.1 (identical to KY451971.1) is ignored but added at the end
NOTE: MF158193.1 (identical to KY451971.1) is ignored but added at the end
NOTE: MF158194.1 (identical to KY451971.1) is ignored but added at the end
NOTE: MF158195.1 (identical to KY451971.1) is ignored but added at the end
NOTE: MF158196.1 (identical to KY451971.1) is ignored but added at the end
NOTE: MF158197.1 (identical to KY451971.1) is ignored but added at the end
NOTE: MF158180.1 (identical to MF158178.1) is ignored but added at the end
NOTE: MF158186.1 (identical to MF158181.1) is ignored but added at the end
NOTE: MF158185.1 (identical to MF158183.1) is ignored but added at the end
Alignment was printed to 176.fasta.uniqueseq.phy

For your convenience alignment with unique sequences printed to 176.fasta.uniqueseq.phy

Create initial parsimony tree by phylogenetic likelihood library (PLL)... 0.002 seconds

NOTE: 0 MB RAM (0 GB) is required!
Measuring multi-threading efficiency up to 4 CPU cores
Increase to 10 rounds for branch lengths
412 trees examined
Threads: 1 / Time: 4.009 sec / Speedup: 1.000 / Efficiency: 100% / LogL: -4951
Threads: 2 / Time: 13.181 sec / Speedup: 0.304 / Efficiency: 15% / LogL: -4951
BEST NUMBER OF THREADS: 1

Estimate model parameters (epsilon = 0.100)
Thoroughly optimizing +I+G parameters from 10 start values...
Init pinv, alpha: 0.000, 1.000 / Estimate: 0.000, 0.246 / LogL: -1853.605
Init pinv, alpha: 0.064, 1.000 / Estimate: 0.068, 0.283 / LogL: -1853.524
Init pinv, alpha: 0.128, 1.000 / Estimate: 0.138, 0.330 / LogL: -1853.323
Init pinv, alpha: 0.192, 1.000 / Estimate: 0.209, 0.390 / LogL: -1852.975
Init pinv, alpha: 0.256, 1.000 / Estimate: 0.278, 0.469 / LogL: -1852.499
Init pinv, alpha: 0.320, 1.000 / Estimate: 0.344, 0.575 / LogL: -1851.980
Init pinv, alpha: 0.384, 1.000 / Estimate: 0.402, 0.723 / LogL: -1851.514
Init pinv, alpha: 0.448, 1.000 / Estimate: 0.451, 0.918 / LogL: -1851.223
Init pinv, alpha: 0.512, 1.000 / Estimate: 0.483, 1.119 / LogL: -1851.187
Init pinv, alpha: 0.576, 1.000 / Estimate: 0.500, 1.260 / LogL: -1851.285
Optimal pinv,alpha: 0.483, 1.119 / LogL: -1851.187

Parameters optimization took 0.332 sec
Wrote distance file to... 
Computing ML distances based on estimated model parameters...
Calculating distance matrix: done in 0.00708508 secs using 98.35% CPU
Computing ML distances took 0.007130 sec (of wall-clock time) 0.006998 sec (of CPU time)
Setting up auxiliary I and S matrices: done in 6.29425e-05 secs using 109.6% CPU
Computing RapidNJ tree took 0.000205 sec (of wall-clock time) 0.000301 sec (of CPU time)
Log-likelihood of RapidNJ tree: -1882.119
--------------------------------------------------------------------
|             INITIALIZING CANDIDATE TREE SET                      |
--------------------------------------------------------------------
Generating 98 parsimony trees... 0.219 second
Computing log-likelihood of 98 initial trees ... 0.137 seconds
Current best score: -1849.752

Do NNI search on 20 best initial trees
Estimate model parameters (epsilon = 0.100)
BETTER TREE FOUND at iteration 1: -1846.533
Estimate model parameters (epsilon = 0.100)
BETTER TREE FOUND at iteration 7: -1846.119
BETTER TREE FOUND at iteration 8: -1846.119
Estimate model parameters (epsilon = 0.100)
BETTER TREE FOUND at iteration 10: -1845.729
Iteration 10 / LogL: -1845.729 / Time: 0h:0m:18s
Iteration 20 / LogL: -1846.408 / Time: 0h:0m:18s
Finish initializing candidate tree set (18)
Current best tree score: -1845.729 / CPU time: 0.894
Number of iterations: 20
--------------------------------------------------------------------
|               OPTIMIZING CANDIDATE TREE SET                      |
--------------------------------------------------------------------
Estimate model parameters (epsilon = 0.100)
BETTER TREE FOUND at iteration 24: -1844.984
BETTER TREE FOUND at iteration 25: -1844.980
Iteration 30 / LogL: -1844.982 / Time: 0h:0m:18s (0h:1m:1s left)
Estimate model parameters (epsilon = 0.100)
BETTER TREE FOUND at iteration 31: -1843.193
Estimate model parameters (epsilon = 0.100)
BETTER TREE FOUND at iteration 32: -1842.402
Iteration 40 / LogL: -1934.014 / Time: 0h:0m:19s (0h:0m:45s left)
Iteration 50 / LogL: -1842.412 / Time: 0h:0m:19s (0h:0m:33s left)
Iteration 60 / LogL: -1844.670 / Time: 0h:0m:20s (0h:0m:24s left)
Iteration 70 / LogL: -1842.407 / Time: 0h:0m:20s (0h:0m:18s left)
Iteration 80 / LogL: -1842.403 / Time: 0h:0m:21s (0h:0m:13s left)
Iteration 90 / LogL: -1886.423 / Time: 0h:0m:21s (0h:0m:10s left)
Iteration 100 / LogL: -1842.404 / Time: 0h:0m:21s (0h:0m:7s left)
Iteration 110 / LogL: -1842.403 / Time: 0h:0m:22s (0h:0m:4s left)
Iteration 120 / LogL: -1855.135 / Time: 0h:0m:22s (0h:0m:2s left)
Iteration 130 / LogL: -1851.014 / Time: 0h:0m:23s (0h:0m:0s left)
TREE SEARCH COMPLETED AFTER 133 ITERATIONS / Time: 0h:0m:23s

--------------------------------------------------------------------
|                    FINALIZING TREE SEARCH                        |
--------------------------------------------------------------------
Performs final model parameters optimization
Estimate model parameters (epsilon = 0.010)
1. Initial log-likelihood: -1842.402
Optimal log-likelihood: -1842.401
Rate parameters:  A-C: 1.30453  A-G: 6.98666  A-T: 1.08807  C-G: 0.31210  C-T: 7.41575  G-T: 1.00000
Base frequencies:  A: 0.261  C: 0.224  G: 0.281  T: 0.234
Proportion of invariable sites: 0.475
Gamma shape alpha: 1.055
Parameters optimization took 1 rounds (0.005 sec)
BEST SCORE FOUND : -1842.401
Total tree length: 2.003

Total number of iterations: 133
CPU time used for tree search: 5.546 sec (0h:0m:5s)
Wall-clock time used for tree search: 5.611 sec (0h:0m:5s)
Total CPU time used: 18.001 sec (0h:0m:18s)
Total wall-clock time used: 23.161 sec (0h:0m:23s)

Analysis results written to: 
  IQ-TREE report:                176.fasta.iqtree
  Maximum-likelihood tree:       176.fasta.treefile
  Likelihood distances:          176.fasta.mldist
  Screen log file:               176.fasta.log

Date and Time: Sun Jun 22 19:01:26 2025
