IQ-TREE multicore version 2.4.0 for MacOS ARM 64-bit built Mar  8 2025
Developed by Bui Quang Minh, Nguyen Lam Tung, Olga Chernomor, Heiko Schmidt,
Dominik Schrempf, Michael Woodhams, Ly Trong Nhan, Thomas Wong

Host:    Mac.telekom.ip (SSE4.2, 16 GB RAM)
Command: iqtree2 --quiet -T AUTO -ntmax 4 -s 226.fasta -m GTR+F+I+G4
Seed:    438559 (Using SPRNG - Scalable Parallel Random Number Generator)
Time:    Sun Jun 22 19:00:12 2025
Kernel:  SSE2 - auto-detect threads (12 CPU cores detected)

Reading alignment file 226.fasta ... Fasta format detected
Reading fasta file: done in 0.000268936 secs using 88.87% CPU
Alignment most likely contains DNA/RNA sequences
Alignment has 84 sequences with 250 columns, 111 distinct patterns
105 parsimony-informative, 4 singleton sites, 141 constant sites
            Gap/Ambiguity  Composition  p-value
Analyzing sequences: done in 5.88894e-05 secs using 52.64% CPU
   1  KR074148.1    0.00%    passed     97.41%
   2  KR074149.1    0.00%    passed     98.10%
   3  KR074150.1    0.00%    passed     97.80%
   4  KR074151.1    0.00%    passed     96.40%
   5  KR074152.1    0.00%    passed     96.40%
   6  KR074153.1    0.00%    passed     98.46%
   7  KR074154.1    0.00%    passed     96.55%
   8  KR074155.1    0.00%    passed     84.70%
   9  KR074156.1    0.00%    passed     99.46%
  10  KR074157.1    0.00%    passed     99.46%
  11  KR074158.1    0.00%    passed     98.76%
  12  KR074159.1    0.00%    passed     88.69%
  13  KR074160.1    0.00%    passed     99.37%
  14  KR074161.1    0.00%    passed     98.44%
  15  KR074162.1    0.00%    passed     98.44%
  16  KR074163.1    0.00%    passed     88.69%
  17  KR074164.1    0.00%    passed     89.29%
  18  KR074165.1    0.00%    passed     99.55%
  19  KR074166.1    0.00%    passed     99.81%
  20  KR074167.1    0.00%    passed     99.55%
  21  KR074168.1    0.00%    passed     99.55%
  22  KR074169.1    0.00%    passed     98.49%
  23  KR074170.1    0.00%    passed     99.23%
  24  KR074171.1    0.00%    passed     90.61%
  25  KR074172.1    0.00%    passed     99.37%
  26  KR074173.1    0.00%    passed     99.37%
  27  KR074174.1    0.00%    passed     69.29%
  28  KR074175.1    0.00%    passed     99.59%
  29  KR074176.1    0.00%    passed     99.64%
  30  KR074177.1    0.00%    passed     99.37%
  31  KR074178.1    0.00%    passed     98.76%
  32  KR074179.1    0.00%    passed     88.69%
  33  KR074180.1    0.00%    passed     99.59%
  34  KR074181.1    0.00%    passed     88.69%
  35  KR074182.1    0.00%    passed     98.10%
  36  KR074183.1    0.00%    passed     69.29%
  37  KR074184.1    0.00%    passed     99.37%
  38  KR074185.1    0.00%    passed     98.44%
  39  KR074186.1    0.00%    passed     99.81%
  40  KR074187.1    0.00%    passed     99.55%
  41  KR074188.1    0.00%    passed     64.61%
  42  KR074189.1    0.00%    passed     73.08%
  43  KR074190.1    0.00%    passed     96.52%
  44  KR074191.1    0.00%    passed     98.97%
  45  KY451971.1    0.00%    passed     99.47%
  46  KY451972.1    0.00%    passed     99.47%
  47  KY451973.1    0.00%    passed     99.47%
  48  KY451974.1    0.00%    passed     99.47%
  49  KY451975.1    0.00%    passed     99.47%
  50  KY451976.1    0.00%    passed     99.47%
  51  KY451977.1    0.00%    passed     99.47%
  52  KY451978.1    0.00%    passed     99.14%
  53  KY451979.1    0.00%    passed     99.47%
  54  KY451980.1    0.00%    passed     99.47%
  55  KY451981.1    0.00%    passed     99.47%
  56  KY451982.1    0.00%    passed     99.47%
  57  KY451983.1    0.00%    passed     97.80%
  58  KY451984.1    0.00%    passed     99.47%
  59  KY451985.1    0.00%    passed     99.47%
  60  KY451986.1    0.00%    passed     99.55%
  61  KY451987.1    0.00%    passed     99.71%
  62  MF158177.1    0.00%    passed     92.87%
  63  MF158178.1    0.00%    passed     99.64%
  64  MF158179.1    0.00%    passed     99.64%
  65  MF158180.1    0.00%    passed     99.64%
  66  MF158181.1    0.00%    passed     98.49%
  67  MF158182.1    0.00%    passed     98.49%
  68  MF158183.1    0.00%    passed     99.55%
  69  MF158184.1    0.00%    passed     99.55%
  70  MF158185.1    0.00%    passed     99.55%
  71  MF158186.1    0.00%    passed     98.49%
  72  MF158187.1    0.00%    passed     99.47%
  73  MF158188.1    0.00%    passed     77.56%
  74  MF158189.1    0.00%    passed     80.47%
  75  MF158190.1    0.00%    passed     80.47%
  76  MF158191.1    0.00%    passed     99.47%
  77  MF158192.1    0.00%    passed     99.47%
  78  MF158193.1    0.00%    passed     99.47%
  79  MF158194.1    0.00%    passed     99.47%
  80  MF158195.1    0.00%    passed     99.47%
  81  MF158196.1    0.00%    passed     99.47%
  82  MF158197.1    0.00%    passed     99.47%
  83  MF158198.1    0.00%    passed     99.92%
  84  MF158199.1    0.40%    passed     95.55%
****  TOTAL         0.00%  0 sequences failed composition chi2 test (p-value<5%; df=3)
NOTE: KR074157.1 is identical to KR074156.1 but kept for subsequent analysis
NOTE: KR074172.1 is identical to KR074160.1 but kept for subsequent analysis
NOTE: KR074162.1 is identical to KR074161.1 but kept for subsequent analysis
NOTE: KR074179.1 is identical to KR074163.1 but kept for subsequent analysis
NOTE: KR074167.1 is identical to KR074165.1 but kept for subsequent analysis
NOTE: KR074186.1 is identical to KR074166.1 but kept for subsequent analysis
NOTE: KR074183.1 is identical to KR074174.1 but kept for subsequent analysis
NOTE: KR074180.1 is identical to KR074175.1 but kept for subsequent analysis
NOTE: KY451972.1 is identical to KY451971.1 but kept for subsequent analysis
NOTE: MF158179.1 is identical to MF158178.1 but kept for subsequent analysis
NOTE: MF158182.1 is identical to MF158181.1 but kept for subsequent analysis
NOTE: MF158184.1 is identical to MF158183.1 but kept for subsequent analysis
NOTE: MF158190.1 is identical to MF158189.1 but kept for subsequent analysis
NOTE: 26 identical sequences (see below) will be ignored for subsequent analysis
NOTE: KR074177.1 (identical to KR074160.1) is ignored but added at the end
NOTE: KR074184.1 (identical to KR074160.1) is ignored but added at the end
NOTE: KR074185.1 (identical to KR074161.1) is ignored but added at the end
NOTE: KR074181.1 (identical to KR074163.1) is ignored but added at the end
NOTE: KR074168.1 (identical to KR074165.1) is ignored but added at the end
NOTE: KR074187.1 (identical to KR074165.1) is ignored but added at the end
NOTE: KY451973.1 (identical to KY451971.1) is ignored but added at the end
NOTE: KY451974.1 (identical to KY451971.1) is ignored but added at the end
NOTE: KY451975.1 (identical to KY451971.1) is ignored but added at the end
NOTE: KY451976.1 (identical to KY451971.1) is ignored but added at the end
NOTE: KY451977.1 (identical to KY451971.1) is ignored but added at the end
NOTE: KY451979.1 (identical to KY451971.1) is ignored but added at the end
NOTE: KY451980.1 (identical to KY451971.1) is ignored but added at the end
NOTE: KY451981.1 (identical to KY451971.1) is ignored but added at the end
NOTE: KY451982.1 (identical to KY451971.1) is ignored but added at the end
NOTE: KY451984.1 (identical to KY451971.1) is ignored but added at the end
NOTE: MF158191.1 (identical to KY451971.1) is ignored but added at the end
NOTE: MF158192.1 (identical to KY451971.1) is ignored but added at the end
NOTE: MF158193.1 (identical to KY451971.1) is ignored but added at the end
NOTE: MF158194.1 (identical to KY451971.1) is ignored but added at the end
NOTE: MF158195.1 (identical to KY451971.1) is ignored but added at the end
NOTE: MF158196.1 (identical to KY451971.1) is ignored but added at the end
NOTE: MF158197.1 (identical to KY451971.1) is ignored but added at the end
NOTE: MF158180.1 (identical to MF158178.1) is ignored but added at the end
NOTE: MF158186.1 (identical to MF158181.1) is ignored but added at the end
NOTE: MF158185.1 (identical to MF158183.1) is ignored but added at the end
Alignment was printed to 226.fasta.uniqueseq.phy

For your convenience alignment with unique sequences printed to 226.fasta.uniqueseq.phy

Create initial parsimony tree by phylogenetic likelihood library (PLL)... 0.002 seconds

NOTE: 0 MB RAM (0 GB) is required!
Measuring multi-threading efficiency up to 4 CPU cores
Increase to 10 rounds for branch lengths
405 trees examined
Threads: 1 / Time: 4.008 sec / Speedup: 1.000 / Efficiency: 100% / LogL: -5128
Threads: 2 / Time: 13.140 sec / Speedup: 0.305 / Efficiency: 15% / LogL: -5128
BEST NUMBER OF THREADS: 1

Estimate model parameters (epsilon = 0.100)
Thoroughly optimizing +I+G parameters from 10 start values...
Init pinv, alpha: 0.000, 1.000 / Estimate: 0.000, 0.275 / LogL: -2023.580
Init pinv, alpha: 0.063, 1.000 / Estimate: 0.303, 0.471 / LogL: -2018.217
Init pinv, alpha: 0.125, 1.000 / Estimate: 0.310, 0.479 / LogL: -2018.145
Init pinv, alpha: 0.188, 1.000 / Estimate: 0.310, 0.480 / LogL: -2018.141
Init pinv, alpha: 0.251, 1.000 / Estimate: 0.312, 0.484 / LogL: -2018.136
Init pinv, alpha: 0.313, 1.000 / Estimate: 0.334, 0.522 / LogL: -2017.970
Init pinv, alpha: 0.376, 1.000 / Estimate: 0.382, 0.612 / LogL: -2017.703
Init pinv, alpha: 0.439, 1.000 / Estimate: 0.420, 0.715 / LogL: -2017.709
Init pinv, alpha: 0.501, 1.000 / Estimate: 0.439, 0.777 / LogL: -2017.812
Init pinv, alpha: 0.564, 1.000 / Estimate: 0.437, 0.767 / LogL: -2017.793
Optimal pinv,alpha: 0.382, 0.612 / LogL: -2017.703

Parameters optimization took 0.705 sec
Wrote distance file to... 
Computing ML distances based on estimated model parameters...
Calculating distance matrix: done in 0.00807095 secs using 97.09% CPU
Computing ML distances took 0.008112 sec (of wall-clock time) 0.007861 sec (of CPU time)
Setting up auxiliary I and S matrices: done in 6.98566e-05 secs using 116% CPU
Computing RapidNJ tree took 0.000210 sec (of wall-clock time) 0.000309 sec (of CPU time)
Log-likelihood of RapidNJ tree: -2011.143
--------------------------------------------------------------------
|             INITIALIZING CANDIDATE TREE SET                      |
--------------------------------------------------------------------
Generating 98 parsimony trees... 0.201 second
Computing log-likelihood of 98 initial trees ... 0.134 seconds
Current best score: -2008.875

Do NNI search on 20 best initial trees
Estimate model parameters (epsilon = 0.100)
BETTER TREE FOUND at iteration 1: -2002.268
UPDATE BEST LOG-LIKELIHOOD: -2002.267
UPDATE BEST LOG-LIKELIHOOD: -2002.267
Estimate model parameters (epsilon = 0.100)
BETTER TREE FOUND at iteration 4: -2000.057
Iteration 10 / LogL: -2002.844 / Time: 0h:0m:18s
Iteration 20 / LogL: -2001.003 / Time: 0h:0m:18s
Finish initializing candidate tree set (15)
Current best tree score: -2000.057 / CPU time: 1.053
Number of iterations: 20
--------------------------------------------------------------------
|               OPTIMIZING CANDIDATE TREE SET                      |
--------------------------------------------------------------------
Estimate model parameters (epsilon = 0.100)
BETTER TREE FOUND at iteration 21: -1999.808
Estimate model parameters (epsilon = 0.100)
BETTER TREE FOUND at iteration 27: -1999.094
Iteration 30 / LogL: -1999.116 / Time: 0h:0m:19s (0h:1m:5s left)
Iteration 40 / LogL: -1999.095 / Time: 0h:0m:19s (0h:0m:44s left)
BETTER TREE FOUND at iteration 46: -1999.094
Iteration 50 / LogL: -1999.097 / Time: 0h:0m:20s (0h:0m:39s left)
Iteration 60 / LogL: -1999.113 / Time: 0h:0m:20s (0h:0m:30s left)
Iteration 70 / LogL: -1999.095 / Time: 0h:0m:21s (0h:0m:23s left)
Iteration 80 / LogL: -1999.096 / Time: 0h:0m:21s (0h:0m:18s left)
Iteration 90 / LogL: -1999.094 / Time: 0h:0m:22s (0h:0m:13s left)
Iteration 100 / LogL: -2003.702 / Time: 0h:0m:22s (0h:0m:10s left)
Iteration 110 / LogL: -1999.096 / Time: 0h:0m:23s (0h:0m:7s left)
Iteration 120 / LogL: -1999.096 / Time: 0h:0m:23s (0h:0m:5s left)
Iteration 130 / LogL: -1999.444 / Time: 0h:0m:23s (0h:0m:2s left)
BETTER TREE FOUND at iteration 138: -1999.094
Iteration 140 / LogL: -1999.096 / Time: 0h:0m:24s (0h:0m:17s left)
Iteration 150 / LogL: -2000.486 / Time: 0h:0m:24s (0h:0m:14s left)
Iteration 160 / LogL: -1999.096 / Time: 0h:0m:25s (0h:0m:12s left)
Iteration 170 / LogL: -1999.096 / Time: 0h:0m:25s (0h:0m:10s left)
Iteration 180 / LogL: -1999.096 / Time: 0h:0m:25s (0h:0m:8s left)
Iteration 190 / LogL: -1999.096 / Time: 0h:0m:26s (0h:0m:6s left)
Iteration 200 / LogL: -1999.115 / Time: 0h:0m:26s (0h:0m:5s left)
Iteration 210 / LogL: -1999.114 / Time: 0h:0m:27s (0h:0m:3s left)
Iteration 220 / LogL: -1999.095 / Time: 0h:0m:27s (0h:0m:2s left)
Iteration 230 / LogL: -1999.096 / Time: 0h:0m:28s (0h:0m:0s left)
TREE SEARCH COMPLETED AFTER 239 ITERATIONS / Time: 0h:0m:28s

--------------------------------------------------------------------
|                    FINALIZING TREE SEARCH                        |
--------------------------------------------------------------------
Performs final model parameters optimization
Estimate model parameters (epsilon = 0.010)
1. Initial log-likelihood: -1999.094
Optimal log-likelihood: -1999.093
Rate parameters:  A-C: 1.58911  A-G: 5.63588  A-T: 1.92464  C-G: 0.47579  C-T: 5.73664  G-T: 1.00000
Base frequencies:  A: 0.238  C: 0.228  G: 0.303  T: 0.231
Proportion of invariable sites: 0.385
Gamma shape alpha: 0.596
Parameters optimization took 1 rounds (0.005 sec)
BEST SCORE FOUND : -1999.093
Total tree length: 2.470

Total number of iterations: 239
CPU time used for tree search: 10.474 sec (0h:0m:10s)
Wall-clock time used for tree search: 10.608 sec (0h:0m:10s)
Total CPU time used: 23.287 sec (0h:0m:23s)
Total wall-clock time used: 28.490 sec (0h:0m:28s)

Analysis results written to: 
  IQ-TREE report:                226.fasta.iqtree
  Maximum-likelihood tree:       226.fasta.treefile
  Likelihood distances:          226.fasta.mldist
  Screen log file:               226.fasta.log

Date and Time: Sun Jun 22 19:00:40 2025
