IQ-TREE multicore version 2.4.0 for MacOS ARM 64-bit built Mar  8 2025
Developed by Bui Quang Minh, Nguyen Lam Tung, Olga Chernomor, Heiko Schmidt,
Dominik Schrempf, Michael Woodhams, Ly Trong Nhan, Thomas Wong

Host:    Mac.telekom.ip (SSE4.2, 16 GB RAM)
Command: iqtree2 --quiet -T AUTO -ntmax 4 -s 76.fasta -m GTR+F+I+G4
Seed:    195615 (Using SPRNG - Scalable Parallel Random Number Generator)
Time:    Sun Jun 22 19:04:12 2025
Kernel:  SSE2 - auto-detect threads (12 CPU cores detected)

Reading alignment file 76.fasta ... Fasta format detected
Reading fasta file: done in 0.000277996 secs using 79.86% CPU
Alignment most likely contains DNA/RNA sequences
Alignment has 84 sequences with 200 columns, 105 distinct patterns
87 parsimony-informative, 4 singleton sites, 109 constant sites
            Gap/Ambiguity  Composition  p-value
Analyzing sequences: done in 6.29425e-05 secs using 61.96% CPU
   1  KR074148.1    0.00%    passed     66.14%
   2  KR074149.1    0.00%    passed     89.35%
   3  KR074150.1    0.00%    passed     65.16%
   4  KR074151.1    0.00%    passed     85.50%
   5  KR074152.1    0.00%    passed     89.20%
   6  KR074153.1    0.00%    passed     78.49%
   7  KR074154.1    0.00%    passed     32.76%
   8  KR074155.1    0.00%    passed     98.27%
   9  KR074156.1    0.00%    passed     61.33%
  10  KR074157.1    0.00%    passed     61.33%
  11  KR074158.1    0.00%    passed     86.27%
  12  KR074159.1    0.00%    passed     69.72%
  13  KR074160.1    0.00%    passed     57.70%
  14  KR074161.1    0.00%    passed     84.31%
  15  KR074162.1    0.00%    passed     84.31%
  16  KR074163.1    0.00%    passed     93.77%
  17  KR074164.1    0.00%    passed     93.77%
  18  KR074165.1    0.00%    passed     80.61%
  19  KR074166.1    0.00%    passed     71.87%
  20  KR074167.1    0.00%    passed     71.87%
  21  KR074168.1    0.00%    passed     66.30%
  22  KR074169.1    0.00%    passed     71.87%
  23  KR074170.1    0.00%    passed     97.18%
  24  KR074171.1    0.00%    passed     98.27%
  25  KR074172.1    0.00%    passed     57.61%
  26  KR074173.1    0.00%    passed     57.70%
  27  KR074174.1    0.00%    passed     28.16%
  28  KR074175.1    0.00%    passed     79.07%
  29  KR074176.1    0.00%    passed     74.06%
  30  KR074177.1    0.00%    passed     57.70%
  31  KR074178.1    0.00%    passed     57.70%
  32  KR074179.1    0.00%    passed     93.77%
  33  KR074180.1    0.00%    passed     69.21%
  34  KR074181.1    0.00%    passed     96.20%
  35  KR074182.1    0.00%    passed     53.73%
  36  KR074183.1    0.00%    passed     28.16%
  37  KR074184.1    0.00%    passed     57.70%
  38  KR074185.1    0.00%    passed     84.31%
  39  KR074186.1   38.50%    passed     51.67%
  40  KR074187.1   38.50%    passed     51.67%
  41  KR074188.1    0.00%    passed     52.50%
  42  KR074189.1    0.00%    passed     59.28%
  43  KR074190.1    0.00%    passed     84.31%
  44  KR074191.1   11.00%    passed     97.10%
  45  KY451971.1   10.00%    passed     99.01%
  46  KY451972.1   10.00%    passed     98.17%
  47  KY451973.1   10.00%    passed     99.01%
  48  KY451974.1   10.00%    passed     99.01%
  49  KY451975.1   10.00%    passed     99.01%
  50  KY451976.1   10.00%    passed     99.01%
  51  KY451977.1   10.00%    passed     99.01%
  52  KY451978.1   10.00%    passed     99.01%
  53  KY451979.1   10.00%    passed     99.01%
  54  KY451980.1   10.00%    passed     99.01%
  55  KY451981.1   10.00%    passed     99.01%
  56  KY451982.1   10.00%    passed     99.01%
  57  KY451983.1   10.00%    passed     99.01%
  58  KY451984.1   10.00%    passed     99.01%
  59  KY451985.1   10.00%    passed     96.90%
  60  KY451986.1   10.00%    passed     97.91%
  61  KY451987.1   10.00%    passed     98.47%
  62  MF158177.1   10.50%    passed     85.93%
  63  MF158178.1   10.50%    passed     95.09%
  64  MF158179.1   10.50%    passed     95.09%
  65  MF158180.1   10.50%    passed     95.09%
  66  MF158181.1   10.50%    passed     94.30%
  67  MF158182.1   10.50%    passed     94.30%
  68  MF158183.1   10.50%    passed     94.30%
  69  MF158184.1   10.50%    passed     94.30%
  70  MF158185.1   10.50%    passed     94.30%
  71  MF158186.1   10.50%    passed     94.30%
  72  MF158187.1   10.50%    passed     84.10%
  73  MF158188.1   10.50%    passed     78.94%
  74  MF158189.1   10.50%    passed     78.94%
  75  MF158190.1   10.50%    passed     78.94%
  76  MF158191.1   10.50%    passed     98.68%
  77  MF158192.1   10.50%    passed     98.68%
  78  MF158193.1   10.50%    passed     98.68%
  79  MF158194.1   10.50%    passed     98.68%
  80  MF158195.1   10.50%    passed     98.68%
  81  MF158196.1   10.50%    passed     98.68%
  82  MF158197.1   10.50%    passed     98.68%
  83  MF158198.1   10.50%    passed     98.68%
  84  MF158199.1   11.50%    passed     64.51%
****  TOTAL         5.96%  0 sequences failed composition chi2 test (p-value<5%; df=3)
NOTE: KR074171.1 is identical to KR074155.1 but kept for subsequent analysis
NOTE: KR074157.1 is identical to KR074156.1 but kept for subsequent analysis
NOTE: KR074173.1 is identical to KR074160.1 but kept for subsequent analysis
NOTE: KR074162.1 is identical to KR074161.1 but kept for subsequent analysis
NOTE: KR074164.1 is identical to KR074163.1 but kept for subsequent analysis
NOTE: KR074167.1 is identical to KR074166.1 but kept for subsequent analysis
NOTE: KR074183.1 is identical to KR074174.1 but kept for subsequent analysis
NOTE: KR074187.1 is identical to KR074186.1 but kept for subsequent analysis
NOTE: KY451973.1 is identical to KY451971.1 but kept for subsequent analysis
NOTE: MF158179.1 is identical to MF158178.1 but kept for subsequent analysis
NOTE: MF158182.1 is identical to MF158181.1 but kept for subsequent analysis
NOTE: MF158189.1 is identical to MF158188.1 but kept for subsequent analysis
NOTE: MF158192.1 is identical to MF158191.1 but kept for subsequent analysis
NOTE: 29 identical sequences (see below) will be ignored for subsequent analysis
NOTE: KR074177.1 (identical to KR074160.1) is ignored but added at the end
NOTE: KR074178.1 (identical to KR074160.1) is ignored but added at the end
NOTE: KR074185.1 (identical to KR074161.1) is ignored but added at the end
NOTE: KR074190.1 (identical to KR074161.1) is ignored but added at the end
NOTE: KR074179.1 (identical to KR074163.1) is ignored but added at the end
NOTE: KR074169.1 (identical to KR074166.1) is ignored but added at the end
NOTE: KY451974.1 (identical to KY451971.1) is ignored but added at the end
NOTE: KY451975.1 (identical to KY451971.1) is ignored but added at the end
NOTE: KY451976.1 (identical to KY451971.1) is ignored but added at the end
NOTE: KY451977.1 (identical to KY451971.1) is ignored but added at the end
NOTE: KY451978.1 (identical to KY451971.1) is ignored but added at the end
NOTE: KY451979.1 (identical to KY451971.1) is ignored but added at the end
NOTE: KY451980.1 (identical to KY451971.1) is ignored but added at the end
NOTE: KY451981.1 (identical to KY451971.1) is ignored but added at the end
NOTE: KY451982.1 (identical to KY451971.1) is ignored but added at the end
NOTE: KY451983.1 (identical to KY451971.1) is ignored but added at the end
NOTE: KY451984.1 (identical to KY451971.1) is ignored but added at the end
NOTE: MF158180.1 (identical to MF158178.1) is ignored but added at the end
NOTE: MF158183.1 (identical to MF158181.1) is ignored but added at the end
NOTE: MF158184.1 (identical to MF158181.1) is ignored but added at the end
NOTE: MF158185.1 (identical to MF158181.1) is ignored but added at the end
NOTE: MF158186.1 (identical to MF158181.1) is ignored but added at the end
NOTE: MF158190.1 (identical to MF158188.1) is ignored but added at the end
NOTE: MF158193.1 (identical to MF158191.1) is ignored but added at the end
NOTE: MF158194.1 (identical to MF158191.1) is ignored but added at the end
NOTE: MF158195.1 (identical to MF158191.1) is ignored but added at the end
NOTE: MF158196.1 (identical to MF158191.1) is ignored but added at the end
NOTE: MF158197.1 (identical to MF158191.1) is ignored but added at the end
NOTE: MF158198.1 (identical to MF158191.1) is ignored but added at the end
Alignment was printed to 76.fasta.uniqueseq.phy

For your convenience alignment with unique sequences printed to 76.fasta.uniqueseq.phy

Create initial parsimony tree by phylogenetic likelihood library (PLL)... 0.001 seconds

NOTE: 0 MB RAM (0 GB) is required!
Measuring multi-threading efficiency up to 4 CPU cores
Increase to 10 rounds for branch lengths
437 trees examined
Threads: 1 / Time: 4.002 sec / Speedup: 1.000 / Efficiency: 100% / LogL: -4432
Threads: 2 / Time: 13.125 sec / Speedup: 0.305 / Efficiency: 15% / LogL: -4432
BEST NUMBER OF THREADS: 1

Estimate model parameters (epsilon = 0.100)
Thoroughly optimizing +I+G parameters from 10 start values...
Init pinv, alpha: 0.000, 1.000 / Estimate: 0.000, 0.239 / LogL: -1612.421
Init pinv, alpha: 0.061, 1.000 / Estimate: 0.064, 0.264 / LogL: -1611.713
Init pinv, alpha: 0.121, 1.000 / Estimate: 0.126, 0.294 / LogL: -1611.646
Init pinv, alpha: 0.182, 1.000 / Estimate: 0.185, 0.334 / LogL: -1611.698
Init pinv, alpha: 0.242, 1.000 / Estimate: 0.246, 0.391 / LogL: -1611.846
Init pinv, alpha: 0.303, 1.000 / Estimate: 0.311, 0.488 / LogL: -1612.017
Init pinv, alpha: 0.363, 1.000 / Estimate: 0.372, 0.625 / LogL: -1612.040
Init pinv, alpha: 0.424, 1.000 / Estimate: 0.425, 0.810 / LogL: -1611.931
Init pinv, alpha: 0.484, 1.000 / Estimate: 0.462, 1.021 / LogL: -1611.852
Init pinv, alpha: 0.545, 1.000 / Estimate: 0.481, 1.179 / LogL: -1611.878
Optimal pinv,alpha: 0.126, 0.294 / LogL: -1611.646

Parameters optimization took 0.344 sec
Wrote distance file to... 
Computing ML distances based on estimated model parameters...
Calculating distance matrix: done in 0.00570798 secs using 88.49% CPU
Computing ML distances took 0.005755 sec (of wall-clock time) 0.005078 sec (of CPU time)
Setting up auxiliary I and S matrices: done in 0.000138998 secs using 132.4% CPU
Computing RapidNJ tree took 0.000392 sec (of wall-clock time) 0.000499 sec (of CPU time)
Log-likelihood of RapidNJ tree: -1648.974
--------------------------------------------------------------------
|             INITIALIZING CANDIDATE TREE SET                      |
--------------------------------------------------------------------
Generating 98 parsimony trees... 0.162 second
Computing log-likelihood of 98 initial trees ... 0.116 seconds
Current best score: -1611.646

Do NNI search on 20 best initial trees
Estimate model parameters (epsilon = 0.100)
BETTER TREE FOUND at iteration 1: -1607.315
Estimate model parameters (epsilon = 0.100)
BETTER TREE FOUND at iteration 2: -1606.871
BETTER TREE FOUND at iteration 3: -1606.870
BETTER TREE FOUND at iteration 4: -1606.870
BETTER TREE FOUND at iteration 5: -1606.869
BETTER TREE FOUND at iteration 10: -1606.869
Iteration 10 / LogL: -1606.869 / Time: 0h:0m:18s
Iteration 20 / LogL: -1608.260 / Time: 0h:0m:18s
Finish initializing candidate tree set (19)
Current best tree score: -1606.869 / CPU time: 0.769
Number of iterations: 20
--------------------------------------------------------------------
|               OPTIMIZING CANDIDATE TREE SET                      |
--------------------------------------------------------------------
Iteration 30 / LogL: -1606.871 / Time: 0h:0m:18s (0h:0m:51s left)
Iteration 40 / LogL: -1608.047 / Time: 0h:0m:18s (0h:0m:34s left)
Iteration 50 / LogL: -1657.608 / Time: 0h:0m:19s (0h:0m:23s left)
Iteration 60 / LogL: -1606.871 / Time: 0h:0m:19s (0h:0m:16s left)
Iteration 70 / LogL: -1606.871 / Time: 0h:0m:19s (0h:0m:11s left)
Iteration 80 / LogL: -1606.870 / Time: 0h:0m:20s (0h:0m:7s left)
UPDATE BEST LOG-LIKELIHOOD: -1606.869
Iteration 90 / LogL: -1608.426 / Time: 0h:0m:20s (0h:0m:4s left)
Iteration 100 / LogL: -1606.871 / Time: 0h:0m:20s (0h:0m:2s left)
Iteration 110 / LogL: -1610.192 / Time: 0h:0m:21s (0h:0m:0s left)
TREE SEARCH COMPLETED AFTER 111 ITERATIONS / Time: 0h:0m:21s

--------------------------------------------------------------------
|                    FINALIZING TREE SEARCH                        |
--------------------------------------------------------------------
Performs final model parameters optimization
Estimate model parameters (epsilon = 0.010)
1. Initial log-likelihood: -1606.869
Optimal log-likelihood: -1606.868
Rate parameters:  A-C: 1.02562  A-G: 7.88398  A-T: 1.27022  C-G: 0.64549  C-T: 12.86664  G-T: 1.00000
Base frequencies:  A: 0.285  C: 0.217  G: 0.254  T: 0.244
Proportion of invariable sites: 0.123
Gamma shape alpha: 0.288
Parameters optimization took 1 rounds (0.004 sec)
BEST SCORE FOUND : -1606.868
Total tree length: 2.752

Total number of iterations: 111
CPU time used for tree search: 3.726 sec (0h:0m:3s)
Wall-clock time used for tree search: 3.787 sec (0h:0m:3s)
Total CPU time used: 15.872 sec (0h:0m:15s)
Total wall-clock time used: 21.284 sec (0h:0m:21s)

Analysis results written to: 
  IQ-TREE report:                76.fasta.iqtree
  Maximum-likelihood tree:       76.fasta.treefile
  Likelihood distances:          76.fasta.mldist
  Screen log file:               76.fasta.log

Date and Time: Sun Jun 22 19:04:33 2025
